This is pdfTeX, Version 3.14159265-2.6-1.40.21 (MiKTeX 20.7) (preloaded format=pdflatex 2020.8.31)  15 JUL 2023 17:01
entering extended mode
**"./COMPARISONS CONVOLUTION.tex"
("COMPARISONS CONVOLUTION.tex"
LaTeX2e <2020-02-02> patch level 5
L3 programming layer <2020-08-07>
("C:\Users\Andrea\AppData\Local\Programs\MiKTeX 2.9\tex/latex/base\report.cls"
Document Class: report 2019/12/20 v1.4l Standard LaTeX document class
("C:\Users\Andrea\AppData\Local\Programs\MiKTeX 2.9\tex/latex/base\size11.clo"
File: size11.clo 2019/12/20 v1.4l Standard LaTeX file (size option)
)
\c@part=\count168
\c@chapter=\count169
\c@section=\count170
\c@subsection=\count171
\c@subsubsection=\count172
\c@paragraph=\count173
\c@subparagraph=\count174
\c@figure=\count175
\c@table=\count176
\abovecaptionskip=\skip47
\belowcaptionskip=\skip48
\bibindent=\dimen134
)
("C:\Users\Andrea\AppData\Local\Programs\MiKTeX 2.9\tex/latex/base\inputenc.sty
"
Package: inputenc 2018/08/11 v1.3c Input encoding file
\inpenc@prehook=\toks15
\inpenc@posthook=\toks16
)
("C:\Users\Andrea\AppData\Local\Programs\MiKTeX 2.9\tex/generic/babel\babel.sty
"
Package: babel 2020/07/13 3.47 The Babel package

("C:\Users\Andrea\AppData\Local\Programs\MiKTeX 2.9\tex/generic/babel\babel.def
"
File: babel.def 2020/07/13 3.47 Babel common definitions
\babel@savecnt=\count177
\U@D=\dimen135
\l@babelnohyphens=\language83

("C:\Users\Andrea\AppData\Local\Programs\MiKTeX 2.9\tex/generic/babel\txtbabel.
def")
\bbl@readstream=\read2
)
\bbl@dirlevel=\count178

*************************************
* Local config file bblopts.cfg used
*
("C:\Users\Andrea\AppData\Local\Programs\MiKTeX 2.9\tex/latex/arabi\bblopts.cfg
"
File: bblopts.cfg 2005/09/08 v0.1 add Arabic and Farsi to "declared" options of
 babel
)
("C:\Users\Andrea\AppData\Local\Programs\MiKTeX 2.9\tex/latex/babel-italian\ita
lian.ldf"
Language: italian 2020/05/21 v.1.4.04 Italian support for the babel system
\it@lettering=\count179
\it@doublequoteactive=\count180
\it@ISOcompliance=\count181
))
("C:\Users\Andrea\AppData\Local\Programs\MiKTeX 2.9\tex/latex/etoolbox\etoolbox
.sty"
Package: etoolbox 2020/08/24 v2.5j e-TeX tools for LaTeX (JAW)
\etb@tempcnta=\count182
)
("C:\Users\Andrea\AppData\Local\Programs\MiKTeX 2.9\tex/latex/amsfonts\amssymb.
sty"
Package: amssymb 2013/01/14 v3.01 AMS font symbols

("C:\Users\Andrea\AppData\Local\Programs\MiKTeX 2.9\tex/latex/amsfonts\amsfonts
.sty"
Package: amsfonts 2013/01/14 v3.01 Basic AMSFonts support
\@emptytoks=\toks17
\symAMSa=\mathgroup4
\symAMSb=\mathgroup5
LaTeX Font Info:    Redeclaring math symbol \hbar on input line 98.
LaTeX Font Info:    Overwriting math alphabet `\mathfrak' in version `bold'
(Font)                  U/euf/m/n --> U/euf/b/n on input line 106.
))
("C:\Users\Andrea\AppData\Local\Programs\MiKTeX 2.9\tex/latex/amsmath\amsmath.s
ty"
Package: amsmath 2020/01/20 v2.17e AMS math features
\@mathmargin=\skip49

For additional information on amsmath, use the `?' option.

("C:\Users\Andrea\AppData\Local\Programs\MiKTeX 2.9\tex/latex/amsmath\amstext.s
ty"
Package: amstext 2000/06/29 v2.01 AMS text

("C:\Users\Andrea\AppData\Local\Programs\MiKTeX 2.9\tex/latex/amsmath\amsgen.st
y"
File: amsgen.sty 1999/11/30 v2.0 generic functions
\@emptytoks=\toks18
\ex@=\dimen136
))
("C:\Users\Andrea\AppData\Local\Programs\MiKTeX 2.9\tex/latex/amsmath\amsbsy.st
y"
Package: amsbsy 1999/11/29 v1.2d Bold Symbols
\pmbraise@=\dimen137
)
("C:\Users\Andrea\AppData\Local\Programs\MiKTeX 2.9\tex/latex/amsmath\amsopn.st
y"
Package: amsopn 2016/03/08 v2.02 operator names
)
\inf@bad=\count183
LaTeX Info: Redefining \frac on input line 227.
\uproot@=\count184
\leftroot@=\count185
LaTeX Info: Redefining \overline on input line 389.
\classnum@=\count186
\DOTSCASE@=\count187
LaTeX Info: Redefining \ldots on input line 486.
LaTeX Info: Redefining \dots on input line 489.
LaTeX Info: Redefining \cdots on input line 610.
\Mathstrutbox@=\box45
\strutbox@=\box46
\big@size=\dimen138
LaTeX Font Info:    Redeclaring font encoding OML on input line 733.
LaTeX Font Info:    Redeclaring font encoding OMS on input line 734.
\macc@depth=\count188
\c@MaxMatrixCols=\count189
\dotsspace@=\muskip16
\c@parentequation=\count190
\dspbrk@lvl=\count191
\tag@help=\toks19
\row@=\count192
\column@=\count193
\maxfields@=\count194
\andhelp@=\toks20
\eqnshift@=\dimen139
\alignsep@=\dimen140
\tagshift@=\dimen141
\tagwidth@=\dimen142
\totwidth@=\dimen143
\lineht@=\dimen144
\@envbody=\toks21
\multlinegap=\skip50
\multlinetaggap=\skip51
\mathdisplay@stack=\toks22
LaTeX Info: Redefining \[ on input line 2859.
LaTeX Info: Redefining \] on input line 2860.
)
("C:\Users\Andrea\AppData\Local\Programs\MiKTeX 2.9\tex/latex/amscls\amsthm.sty
"
Package: amsthm 2020/05/29 v2.20.6
\thm@style=\toks23
\thm@bodyfont=\toks24
\thm@headfont=\toks25
\thm@notefont=\toks26
\thm@headpunct=\toks27
\thm@preskip=\skip52
\thm@postskip=\skip53
\thm@headsep=\skip54
\dth@everypar=\toks28
) ("C:\Users\Andrea\AppData\Local\Programs\MiKTeX 2.9\tex/latex/float\float.sty
"
Package: float 2001/11/08 v1.3d Float enhancements (AL)
\c@float@type=\count195
\float@exts=\toks29
\float@box=\box47
\@float@everytoks=\toks30
\@floatcapt=\box48
)
("C:\Users\Andrea\AppData\Local\Programs\MiKTeX 2.9\tex/latex/tools\afterpage.s
ty"
Package: afterpage 2014/10/28 v1.08 After-Page Package (DPC)
\AP@output=\toks31
\AP@partial=\box49
\AP@footins=\box50
)
("C:\Users\Andrea\AppData\Local\Programs\MiKTeX 2.9\tex/latex/graphics\graphicx
.sty"
Package: graphicx 2019/11/30 v1.2a Enhanced LaTeX Graphics (DPC,SPQR)

("C:\Users\Andrea\AppData\Local\Programs\MiKTeX 2.9\tex/latex/graphics\keyval.s
ty"
Package: keyval 2014/10/28 v1.15 key=value parser (DPC)
\KV@toks@=\toks32
)
("C:\Users\Andrea\AppData\Local\Programs\MiKTeX 2.9\tex/latex/graphics\graphics
.sty"
Package: graphics 2019/11/30 v1.4a Standard LaTeX Graphics (DPC,SPQR)

("C:\Users\Andrea\AppData\Local\Programs\MiKTeX 2.9\tex/latex/graphics\trig.sty
"
Package: trig 2016/01/03 v1.10 sin cos tan (DPC)
)
("C:\Users\Andrea\AppData\Local\Programs\MiKTeX 2.9\tex/latex/graphics-cfg\grap
hics.cfg"
File: graphics.cfg 2016/06/04 v1.11 sample graphics configuration
)
Package graphics Info: Driver file: pdftex.def on input line 105.

("C:\Users\Andrea\AppData\Local\Programs\MiKTeX 2.9\tex/latex/graphics-def\pdft
ex.def"
File: pdftex.def 2018/01/08 v1.0l Graphics/color driver for pdftex
))
\Gin@req@height=\dimen145
\Gin@req@width=\dimen146
)
("C:\Users\Andrea\AppData\Local\Programs\MiKTeX 2.9\tex/latex/appendix\appendix
.sty"
Package: appendix 2020/02/08 v1.2c extra appendix facilities
\c@@pps=\count196
\c@@ppsavesec=\count197
\c@@ppsaveapp=\count198
)
("C:\Users\Andrea\AppData\Local\Programs\MiKTeX 2.9\tex/latex/biblatex\biblatex
.sty"
Package: biblatex 2020/08/23 v3.15a programmable bibliographies (PK/MW)

("C:\Users\Andrea\AppData\Local\Programs\MiKTeX 2.9\tex/generic/pdftexcmds\pdft
excmds.sty"
Package: pdftexcmds 2020-06-27 v0.33 Utility functions of pdfTeX for LuaTeX (HO
)

("C:\Users\Andrea\AppData\Local\Programs\MiKTeX 2.9\tex/generic/infwarerr\infwa
rerr.sty"
Package: infwarerr 2019/12/03 v1.5 Providing info/warning/error messages (HO)
)
("C:\Users\Andrea\AppData\Local\Programs\MiKTeX 2.9\tex/generic/iftex\iftex.sty
"
Package: iftex 2020/03/06 v1.0d TeX engine tests
)
("C:\Users\Andrea\AppData\Local\Programs\MiKTeX 2.9\tex/generic/ltxcmds\ltxcmds
.sty"
Package: ltxcmds 2019/12/15 v1.24 LaTeX kernel commands for general use (HO)
)
Package pdftexcmds Info: \pdf@primitive is available.
Package pdftexcmds Info: \pdf@ifprimitive is available.
Package pdftexcmds Info: \pdfdraftmode found.
)
("C:\Users\Andrea\AppData\Local\Programs\MiKTeX 2.9\tex/latex/kvoptions\kvoptio
ns.sty"
Package: kvoptions 2019/11/29 v3.13 Key value format for package options (HO)

("C:\Users\Andrea\AppData\Local\Programs\MiKTeX 2.9\tex/generic/kvsetkeys\kvset
keys.sty"
Package: kvsetkeys 2019/12/15 v1.18 Key value parser (HO)
))
("C:\Users\Andrea\AppData\Local\Programs\MiKTeX 2.9\tex/latex/logreq\logreq.sty
"
Package: logreq 2010/08/04 v1.0 xml request logger
\lrq@indent=\count199

("C:\Users\Andrea\AppData\Local\Programs\MiKTeX 2.9\tex/latex/logreq\logreq.def
"
File: logreq.def 2010/08/04 v1.0 logreq spec v1.0
))
("C:\Users\Andrea\AppData\Local\Programs\MiKTeX 2.9\tex/latex/base\ifthen.sty"
Package: ifthen 2014/09/29 v1.1c Standard LaTeX ifthen package (DPC)
) ("C:\Users\Andrea\AppData\Local\Programs\MiKTeX 2.9\tex/latex/url\url.sty"
\Urlmuskip=\muskip17
Package: url 2013/09/16  ver 3.4  Verb mode for urls, etc.
)
\c@tabx@nest=\count266
\c@listtotal=\count267
\c@listcount=\count268
\c@liststart=\count269
\c@liststop=\count270
\c@citecount=\count271
\c@citetotal=\count272
\c@multicitecount=\count273
\c@multicitetotal=\count274
\c@instcount=\count275
\c@maxnames=\count276
\c@minnames=\count277
\c@maxitems=\count278
\c@minitems=\count279
\c@citecounter=\count280
\c@maxcitecounter=\count281
\c@savedcitecounter=\count282
\c@uniquelist=\count283
\c@uniquename=\count284
\c@refsection=\count285
\c@refsegment=\count286
\c@maxextratitle=\count287
\c@maxextratitleyear=\count288
\c@maxextraname=\count289
\c@maxextradate=\count290
\c@maxextraalpha=\count291
\c@abbrvpenalty=\count292
\c@highnamepenalty=\count293
\c@lownamepenalty=\count294
\c@maxparens=\count295
\c@parenlevel=\count296
\blx@tempcnta=\count297
\blx@tempcntb=\count298
\blx@tempcntc=\count299
\blx@maxsection=\count300
\blx@maxsegment@0=\count301
\blx@notetype=\count302
\blx@parenlevel@text=\count303
\blx@parenlevel@foot=\count304
\blx@sectionciteorder@0=\count305
\blx@entrysetcounter=\count306
\blx@biblioinstance=\count307
\labelnumberwidth=\skip55
\labelalphawidth=\skip56
\biblabelsep=\skip57
\bibitemsep=\skip58
\bibnamesep=\skip59
\bibinitsep=\skip60
\bibparsep=\skip61
\bibhang=\skip62
\blx@bcfin=\read3
\blx@bcfout=\write3
\blx@langwohyphens=\language84
\c@mincomprange=\count308
\c@maxcomprange=\count309
\c@mincompwidth=\count310
Package biblatex Info: Trying to load biblatex default data model...
Package biblatex Info: ... file 'blx-dm.def' found.

("C:\Users\Andrea\AppData\Local\Programs\MiKTeX 2.9\tex/latex/biblatex\blx-dm.d
ef"
File: blx-dm.def 2020/08/23 v3.15a biblatex localization (PK/MW)
)
Package biblatex Info: Trying to load biblatex custom data model...
Package biblatex Info: ... file 'biblatex-dm.cfg' not found.
\c@afterword=\count311
\c@savedafterword=\count312
\c@annotator=\count313
\c@savedannotator=\count314
\c@author=\count315
\c@savedauthor=\count316
\c@bookauthor=\count317
\c@savedbookauthor=\count318
\c@commentator=\count319
\c@savedcommentator=\count320
\c@editor=\count321
\c@savededitor=\count322
\c@editora=\count323
\c@savededitora=\count324
\c@editorb=\count325
\c@savededitorb=\count326
\c@editorc=\count327
\c@savededitorc=\count328
\c@foreword=\count329
\c@savedforeword=\count330
\c@holder=\count331
\c@savedholder=\count332
\c@introduction=\count333
\c@savedintroduction=\count334
\c@namea=\count335
\c@savednamea=\count336
\c@nameb=\count337
\c@savednameb=\count338
\c@namec=\count339
\c@savednamec=\count340
\c@translator=\count341
\c@savedtranslator=\count342
\c@shortauthor=\count343
\c@savedshortauthor=\count344
\c@shorteditor=\count345
\c@savedshorteditor=\count346
\c@labelname=\count347
\c@savedlabelname=\count348
\c@institution=\count349
\c@savedinstitution=\count350
\c@lista=\count351
\c@savedlista=\count352
\c@listb=\count353
\c@savedlistb=\count354
\c@listc=\count355
\c@savedlistc=\count356
\c@listd=\count357
\c@savedlistd=\count358
\c@liste=\count359
\c@savedliste=\count360
\c@listf=\count361
\c@savedlistf=\count362
\c@location=\count363
\c@savedlocation=\count364
\c@organization=\count365
\c@savedorganization=\count366
\c@origlocation=\count367
\c@savedoriglocation=\count368
\c@origpublisher=\count369
\c@savedorigpublisher=\count370
\c@publisher=\count371
\c@savedpublisher=\count372
\c@language=\count373
\c@savedlanguage=\count374
\c@origlanguage=\count375
\c@savedoriglanguage=\count376
\c@pageref=\count377
\c@savedpageref=\count378
\shorthandwidth=\skip63
\shortjournalwidth=\skip64
\shortserieswidth=\skip65
\shorttitlewidth=\skip66
\shortauthorwidth=\skip67
\shorteditorwidth=\skip68
\locallabelnumberwidth=\skip69
\locallabelalphawidth=\skip70
\localshorthandwidth=\skip71
\localshortjournalwidth=\skip72
\localshortserieswidth=\skip73
\localshorttitlewidth=\skip74
\localshortauthorwidth=\skip75
\localshorteditorwidth=\skip76
Package biblatex Info: Trying to load compatibility code...
Package biblatex Info: ... file 'blx-compat.def' found.

("C:\Users\Andrea\AppData\Local\Programs\MiKTeX 2.9\tex/latex/biblatex\blx-comp
at.def"
File: blx-compat.def 2020/08/23 v3.15a biblatex compatibility (PK/MW)
)
("C:\Users\Andrea\AppData\Local\Programs\MiKTeX 2.9\tex/latex/l3kernel\expl3.st
y"
Package: expl3 2020-08-07 L3 programming layer (loader) 

("C:\Users\Andrea\AppData\Local\Programs\MiKTeX 2.9\tex/latex/l3backend\l3backe
nd-pdfmode.def"
File: l3backend-pdfmode.def 2020-08-07 L3 backend support: PDF mode
\l__kernel_color_stack_int=\count379
\l__pdf_internal_box=\box51
))
Package biblatex Info: expl3
(biblatex)             2020-08-07 L3 programming layer (loader) 
(biblatex)             is new enough (at least 2020/04/06),
(biblatex)             setting 'casechanger=expl3'.
Package biblatex Info: Trying to load expl3 case changing code...
Package biblatex Info: ... file 'blx-case-expl3.def' found.

("C:\Users\Andrea\AppData\Local\Programs\MiKTeX 2.9\tex/latex/biblatex\blx-case
-expl3.def"
("C:\Users\Andrea\AppData\Local\Programs\MiKTeX 2.9\tex/latex/l3packages/xparse
\xparse.sty"
Package: xparse 2020-05-15 L3 Experimental document command parser

("C:\Users\Andrea\AppData\Local\Programs\MiKTeX 2.9\tex/latex/l3packages/xparse
\xparse-generic.tex"
\l__xparse_current_arg_int=\count380
\g__xparse_grabber_int=\count381
\l__xparse_m_args_int=\count382
\l__xparse_v_nesting_int=\count383
))
File: blx-case-expl3 2020/08/23 v3.15a expl3 case changing code for biblatex
)
Package biblatex Info: Trying to load generic definitions...
Package biblatex Info: ... file 'biblatex.def' found.

("C:\Users\Andrea\AppData\Local\Programs\MiKTeX 2.9\tex/latex/biblatex\biblatex
.def"
File: biblatex.def 2020/08/23 v3.15a biblatex compatibility (PK/MW)
\c@textcitecount=\count384
\c@textcitetotal=\count385
\c@textcitemaxnames=\count386
\c@biburlbigbreakpenalty=\count387
\c@biburlbreakpenalty=\count388
\c@biburlnumpenalty=\count389
\c@biburlucpenalty=\count390
\c@biburllcpenalty=\count391
\biburlbigskip=\muskip18
\biburlnumskip=\muskip19
\biburlucskip=\muskip20
\biburllcskip=\muskip21
\c@smartand=\count392
)
Package biblatex Info: Trying to load bibliography style 'numeric'...
Package biblatex Info: ... file 'numeric.bbx' found.

("C:\Users\Andrea\AppData\Local\Programs\MiKTeX 2.9\tex/latex/biblatex/bbx\nume
ric.bbx"
File: numeric.bbx 2020/08/23 v3.15a biblatex bibliography style (PK/MW)
Package biblatex Info: Trying to load bibliography style 'standard'...
Package biblatex Info: ... file 'standard.bbx' found.

("C:\Users\Andrea\AppData\Local\Programs\MiKTeX 2.9\tex/latex/biblatex/bbx\stan
dard.bbx"
File: standard.bbx 2020/08/23 v3.15a biblatex bibliography style (PK/MW)
\c@bbx:relatedcount=\count393
\c@bbx:relatedtotal=\count394
))
Package biblatex Info: Trying to load citation style 'numeric'...
Package biblatex Info: ... file 'numeric.cbx' found.

("C:\Users\Andrea\AppData\Local\Programs\MiKTeX 2.9\tex/latex/biblatex/cbx\nume
ric.cbx"
File: numeric.cbx 2020/08/23 v3.15a biblatex citation style (PK/MW)
Package biblatex Info: Redefining '\cite'.
Package biblatex Info: Redefining '\parencite'.
Package biblatex Info: Redefining '\footcite'.
Package biblatex Info: Redefining '\footcitetext'.
Package biblatex Info: Redefining '\smartcite'.
Package biblatex Info: Redefining '\supercite'.
Package biblatex Info: Redefining '\textcite'.
Package biblatex Info: Redefining '\textcites'.
Package biblatex Info: Redefining '\cites'.
Package biblatex Info: Redefining '\parencites'.
Package biblatex Info: Redefining '\smartcites'.
)
Package biblatex Info: Trying to load configuration file...
Package biblatex Info: ... file 'biblatex.cfg' found.

("C:\Users\Andrea\AppData\Local\Programs\MiKTeX 2.9\tex/latex/biblatex\biblatex
.cfg"
File: biblatex.cfg 
))
\c@teo=\count395


Package biblatex Warning: 'babel/polyglossia' detected but 'csquotes' missing.
(biblatex)                Loading 'csquotes' recommended.

\@quotelevel=\count396
\@quotereset=\count397
("COMPARISONS CONVOLUTION.aux")
\openout1 = `"COMPARISONS CONVOLUTION.aux"'.

LaTeX Font Info:    Checking defaults for OML/cmm/m/it on input line 35.
LaTeX Font Info:    ... okay on input line 35.
LaTeX Font Info:    Checking defaults for OMS/cmsy/m/n on input line 35.
LaTeX Font Info:    ... okay on input line 35.
LaTeX Font Info:    Checking defaults for OT1/cmr/m/n on input line 35.
LaTeX Font Info:    ... okay on input line 35.
LaTeX Font Info:    Checking defaults for T1/cmr/m/n on input line 35.
LaTeX Font Info:    ... okay on input line 35.
LaTeX Font Info:    Checking defaults for TS1/cmr/m/n on input line 35.
LaTeX Font Info:    ... okay on input line 35.
LaTeX Font Info:    Checking defaults for OMX/cmex/m/n on input line 35.
LaTeX Font Info:    ... okay on input line 35.
LaTeX Font Info:    Checking defaults for U/cmr/m/n on input line 35.
LaTeX Font Info:    ... okay on input line 35.
LaTeX Info: Redefining \it@ocap on input line 35.
LaTeX Info: Redefining \it@ccap on input line 35.


File italian.ldf warning: 
italian.ldf    With OT1 encoding guillemets are poorly faked
italian.ldf    Use T1 encoding
italian.ldf    or specify a font with command \CaporaliFrom
italian.ldf    See the documentation concerning the babel-italian typesetting 
italian.ldf    on input line 35.


("C:\Users\Andrea\AppData\Local\Programs\MiKTeX 2.9\tex/context/base/mkii\supp-
pdf.mkii"
[Loading MPS to PDF converter (version 2006.09.02).]
\scratchcounter=\count398
\scratchdimen=\dimen147
\scratchbox=\box52
\nofMPsegments=\count399
\nofMParguments=\count400
\everyMPshowfont=\toks33
\MPscratchCnt=\count401
\MPscratchDim=\dimen148
\MPnumerator=\count402
\makeMPintoPDFobject=\count403
\everyMPtoPDFconversion=\toks34
)
("C:\Users\Andrea\AppData\Local\Programs\MiKTeX 2.9\tex/latex/epstopdf-pkg\epst
opdf-base.sty"
Package: epstopdf-base 2020-01-24 v2.11 Base part for package epstopdf
Package epstopdf-base Info: Redefining graphics rule for `.eps' on input line 4
85.
)
Package biblatex Info: Trying to load language 'italian'...
Package biblatex Info: ... file 'italian.lbx' found.

("C:\Users\Andrea\AppData\Local\Programs\MiKTeX 2.9\tex/latex/biblatex/lbx\ital
ian.lbx"
File: italian.lbx 2020/08/23 v3.15a biblatex localization (PK/MW)
)
Package biblatex Info: Input encoding 'utf8' detected.
Package biblatex Info: Automatic encoding selection.
(biblatex)             Assuming data encoding 'utf8'.
\openout3 = `"COMPARISONS CONVOLUTION.bcf"'.

Package biblatex Info: Trying to load bibliographic data...
Package biblatex Info: ... file '"COMPARISONS CONVOLUTION".bbl' not found.

No file "COMPARISONS CONVOLUTION".bbl.
Package biblatex Info: Reference section=0 on input line 35.
Package biblatex Info: Reference segment=0 on input line 35.
LaTeX Font Info:    Trying to load font information for U+msa on input line 39.

("C:\Users\Andrea\AppData\Local\Programs\MiKTeX 2.9\tex/latex/amsfonts\umsa.fd"
File: umsa.fd 2013/01/14 v3.01 AMS symbols A
)
LaTeX Font Info:    Trying to load font information for U+msb on input line 39.

 ("C:\Users\Andrea\AppData\Local\Programs\MiKTeX 2.9\tex/latex/amsfonts\umsb.fd
"
File: umsb.fd 2013/01/14 v3.01 AMS symbols B
)
<gamma0 MC = 1000000.pdf, id=1, 433.62pt x 289.08pt>
File: gamma0 MC = 1000000.pdf Graphic file (type pdf)
<use gamma0 MC = 1000000.pdf>
Package pdftex.def Info: gamma0 MC = 1000000.pdf  used on input line 45.
(pdftex.def)             Requested size: 323.9978pt x 216.01106pt.
<gamma1 MC = 1000000.pdf, id=2, 433.62pt x 289.08pt>
File: gamma1 MC = 1000000.pdf Graphic file (type pdf)
<use gamma1 MC = 1000000.pdf>
Package pdftex.def Info: gamma1 MC = 1000000.pdf  used on input line 49.
(pdftex.def)             Requested size: 323.9978pt x 216.01106pt.
<gamma2 MC = 1000000.pdf, id=3, 433.62pt x 289.08pt>
File: gamma2 MC = 1000000.pdf Graphic file (type pdf)
<use gamma2 MC = 1000000.pdf>
Package pdftex.def Info: gamma2 MC = 1000000.pdf  used on input line 53.
(pdftex.def)             Requested size: 323.9978pt x 216.01106pt.
 [1


{C:/Users/Andrea/AppData/Local/MiKTeX/2.9/pdftex/config/pdftex.map} <./gamma0 M
C = 1000000.pdf>]
<gamma3 MC = 1000000.pdf, id=53, 433.62pt x 289.08pt>
File: gamma3 MC = 1000000.pdf Graphic file (type pdf)
<use gamma3 MC = 1000000.pdf>
Package pdftex.def Info: gamma3 MC = 1000000.pdf  used on input line 57.
(pdftex.def)             Requested size: 323.9978pt x 216.01106pt.
<gamma4 MC = 1000000.pdf, id=54, 433.62pt x 289.08pt>
File: gamma4 MC = 1000000.pdf Graphic file (type pdf)
<use gamma4 MC = 1000000.pdf>
Package pdftex.def Info: gamma4 MC = 1000000.pdf  used on input line 61.
(pdftex.def)             Requested size: 323.9978pt x 216.01106pt.
 [2 <./gamma1 MC = 1000000.pdf> <./gamma2 MC = 1000000.pdf>]
<gamma5 MC = 1000000.pdf, id=135, 433.62pt x 289.08pt>
File: gamma5 MC = 1000000.pdf Graphic file (type pdf)
<use gamma5 MC = 1000000.pdf>
Package pdftex.def Info: gamma5 MC = 1000000.pdf  used on input line 65.
(pdftex.def)             Requested size: 323.9978pt x 216.01106pt.
 [3 <./gamma3 MC = 1000000.pdf> <./gamma4 MC = 1000000.pdf>] [4 <./gamma5 MC = 
1000000.pdf>]
<gamma0 MC = 100000.pdf, id=263, 433.62pt x 289.08pt>
File: gamma0 MC = 100000.pdf Graphic file (type pdf)
<use gamma0 MC = 100000.pdf>
Package pdftex.def Info: gamma0 MC = 100000.pdf  used on input line 75.
(pdftex.def)             Requested size: 323.9978pt x 216.01106pt.
<gamma1 MC = 100000.pdf, id=264, 433.62pt x 289.08pt>
File: gamma1 MC = 100000.pdf Graphic file (type pdf)
<use gamma1 MC = 100000.pdf>
Package pdftex.def Info: gamma1 MC = 100000.pdf  used on input line 79.
(pdftex.def)             Requested size: 323.9978pt x 216.01106pt.
<gamma2 MC = 100000.pdf, id=265, 433.62pt x 289.08pt>
File: gamma2 MC = 100000.pdf Graphic file (type pdf)
<use gamma2 MC = 100000.pdf>
Package pdftex.def Info: gamma2 MC = 100000.pdf  used on input line 83.
(pdftex.def)             Requested size: 323.9978pt x 216.01106pt.
<gamma3 MC = 100000.pdf, id=266, 433.62pt x 289.08pt>
File: gamma3 MC = 100000.pdf Graphic file (type pdf)
<use gamma3 MC = 100000.pdf>
Package pdftex.def Info: gamma3 MC = 100000.pdf  used on input line 87.
(pdftex.def)             Requested size: 323.9978pt x 216.01106pt.
 [5 <./gamma0 MC = 100000.pdf> <./gamma1 MC = 100000.pdf>]
<gamma4 MC = 100000.pdf, id=351, 433.62pt x 289.08pt>
File: gamma4 MC = 100000.pdf Graphic file (type pdf)
<use gamma4 MC = 100000.pdf>
Package pdftex.def Info: gamma4 MC = 100000.pdf  used on input line 91.
(pdftex.def)             Requested size: 323.9978pt x 216.01106pt.
<gamma5 MC = 100000.pdf, id=352, 433.62pt x 289.08pt>
File: gamma5 MC = 100000.pdf Graphic file (type pdf)
<use gamma5 MC = 100000.pdf>
Package pdftex.def Info: gamma5 MC = 100000.pdf  used on input line 95.
(pdftex.def)             Requested size: 323.9978pt x 216.01106pt.

[6 <./gamma2 MC = 100000.pdf> <./gamma3 MC = 100000.pdf>] [7 <./gamma4 MC = 100
000.pdf> <./gamma5 MC = 100000.pdf>]
<gamma0 MC = 10000.pdf, id=519, 433.62pt x 289.08pt>
File: gamma0 MC = 10000.pdf Graphic file (type pdf)
<use gamma0 MC = 10000.pdf>
Package pdftex.def Info: gamma0 MC = 10000.pdf  used on input line 105.
(pdftex.def)             Requested size: 323.9978pt x 216.01106pt.
<gamma1 MC = 10000.pdf, id=520, 433.62pt x 289.08pt>
File: gamma1 MC = 10000.pdf Graphic file (type pdf)
<use gamma1 MC = 10000.pdf>
Package pdftex.def Info: gamma1 MC = 10000.pdf  used on input line 109.
(pdftex.def)             Requested size: 323.9978pt x 216.01106pt.
<gamma2 MC = 10000.pdf, id=521, 433.62pt x 289.08pt>
File: gamma2 MC = 10000.pdf Graphic file (type pdf)
<use gamma2 MC = 10000.pdf>
Package pdftex.def Info: gamma2 MC = 10000.pdf  used on input line 113.
(pdftex.def)             Requested size: 323.9978pt x 216.01106pt.
<gamma3 MC = 10000.pdf, id=522, 433.62pt x 289.08pt>
File: gamma3 MC = 10000.pdf Graphic file (type pdf)
<use gamma3 MC = 10000.pdf>
Package pdftex.def Info: gamma3 MC = 10000.pdf  used on input line 117.
(pdftex.def)             Requested size: 323.9978pt x 216.01106pt.
 [8 <./gamma0 MC = 10000.pdf> <./gamma1 MC = 10000.pdf>]
<gamma4 MC = 10000.pdf, id=607, 433.62pt x 289.08pt>
File: gamma4 MC = 10000.pdf Graphic file (type pdf)
<use gamma4 MC = 10000.pdf>
Package pdftex.def Info: gamma4 MC = 10000.pdf  used on input line 121.
(pdftex.def)             Requested size: 323.9978pt x 216.01106pt.
<gamma5 MC = 10000.pdf, id=608, 433.62pt x 289.08pt>
File: gamma5 MC = 10000.pdf Graphic file (type pdf)
<use gamma5 MC = 10000.pdf>
Package pdftex.def Info: gamma5 MC = 10000.pdf  used on input line 125.
(pdftex.def)             Requested size: 323.9978pt x 216.01106pt.
 [9 <./gamma2 MC = 10000.pdf> <./gamma3 MC = 10000.pdf>] [10 <./gamma4 MC = 100
00.pdf> <./gamma5 MC = 10000.pdf>]
<gamma0 SGD 100.pdf, id=774, 433.62pt x 289.08pt>
File: gamma0 SGD 100.pdf Graphic file (type pdf)
<use gamma0 SGD 100.pdf>
Package pdftex.def Info: gamma0 SGD 100.pdf  used on input line 135.
(pdftex.def)             Requested size: 323.9978pt x 216.01106pt.
<gamma1 SGD 100.pdf, id=775, 433.62pt x 289.08pt>
File: gamma1 SGD 100.pdf Graphic file (type pdf)
<use gamma1 SGD 100.pdf>
Package pdftex.def Info: gamma1 SGD 100.pdf  used on input line 139.
(pdftex.def)             Requested size: 323.9978pt x 216.01106pt.
<gamma2 SGD 100.pdf, id=776, 433.62pt x 289.08pt>
File: gamma2 SGD 100.pdf Graphic file (type pdf)
<use gamma2 SGD 100.pdf>
Package pdftex.def Info: gamma2 SGD 100.pdf  used on input line 143.
(pdftex.def)             Requested size: 323.9978pt x 216.01106pt.
<gamma3 SGD 100.pdf, id=777, 433.62pt x 289.08pt>
File: gamma3 SGD 100.pdf Graphic file (type pdf)
<use gamma3 SGD 100.pdf>
Package pdftex.def Info: gamma3 SGD 100.pdf  used on input line 147.
(pdftex.def)             Requested size: 323.9978pt x 216.01106pt.
 [11 <./gamma0 SGD 100.pdf> <./gamma1 SGD 100.pdf>]
<gamma4 SGD 100.pdf, id=880, 433.62pt x 289.08pt>
File: gamma4 SGD 100.pdf Graphic file (type pdf)
<use gamma4 SGD 100.pdf>
Package pdftex.def Info: gamma4 SGD 100.pdf  used on input line 151.
(pdftex.def)             Requested size: 323.9978pt x 216.01106pt.
<gamma5 SGD 100.pdf, id=881, 433.62pt x 289.08pt>
File: gamma5 SGD 100.pdf Graphic file (type pdf)
<use gamma5 SGD 100.pdf>
Package pdftex.def Info: gamma5 SGD 100.pdf  used on input line 155.
(pdftex.def)             Requested size: 323.9978pt x 216.01106pt.
 [12 <./gamma2 SGD 100.pdf> <./gamma3 SGD 100.pdf>]
<gamma0 SGD 1000.pdf, id=983, 433.62pt x 289.08pt>
File: gamma0 SGD 1000.pdf Graphic file (type pdf)
<use gamma0 SGD 1000.pdf>
Package pdftex.def Info: gamma0 SGD 1000.pdf  used on input line 164.
(pdftex.def)             Requested size: 323.9978pt x 216.01106pt.
<gamma1 SGD 1000.pdf, id=984, 433.62pt x 289.08pt>
File: gamma1 SGD 1000.pdf Graphic file (type pdf)
<use gamma1 SGD 1000.pdf>
Package pdftex.def Info: gamma1 SGD 1000.pdf  used on input line 168.
(pdftex.def)             Requested size: 323.9978pt x 216.01106pt.
 [13 <./gamma4 SGD 100.pdf> <./gamma5 SGD 100.pdf>]
<gamma2 SGD 1000.pdf, id=1089, 433.62pt x 289.08pt>
File: gamma2 SGD 1000.pdf Graphic file (type pdf)
<use gamma2 SGD 1000.pdf>
Package pdftex.def Info: gamma2 SGD 1000.pdf  used on input line 172.
(pdftex.def)             Requested size: 323.9978pt x 216.01106pt.
<gamma3 SGD 1000.pdf, id=1090, 433.62pt x 289.08pt>
File: gamma3 SGD 1000.pdf Graphic file (type pdf)
<use gamma3 SGD 1000.pdf>
Package pdftex.def Info: gamma3 SGD 1000.pdf  used on input line 176.
(pdftex.def)             Requested size: 323.9978pt x 216.01106pt.
 [14 <./gamma0 SGD 1000.pdf> <./gamma1 SGD 1000.pdf>]
<gamma4 SGD 1000.pdf, id=1193, 433.62pt x 289.08pt>
File: gamma4 SGD 1000.pdf Graphic file (type pdf)
<use gamma4 SGD 1000.pdf>
Package pdftex.def Info: gamma4 SGD 1000.pdf  used on input line 180.
(pdftex.def)             Requested size: 323.9978pt x 216.01106pt.
<gamma5 SGD 1000.pdf, id=1194, 433.62pt x 289.08pt>
File: gamma5 SGD 1000.pdf Graphic file (type pdf)
<use gamma5 SGD 1000.pdf>
Package pdftex.def Info: gamma5 SGD 1000.pdf  used on input line 184.
(pdftex.def)             Requested size: 323.9978pt x 216.01106pt.
 [15 <./gamma2 SGD 1000.pdf> <./gamma3 SGD 1000.pdf>] [16 <./gamma4 SGD 1000.pd
f> <./gamma5 SGD 1000.pdf>] [17] ("COMPARISONS CONVOLUTION.aux")

LaTeX Warning: There were undefined references.


Package biblatex Warning: Please (re)run Biber on the file:
(biblatex)                "COMPARISONS CONVOLUTION"
(biblatex)                and rerun LaTeX afterwards.

Package logreq Info: Writing requests to '"COMPARISONS CONVOLUTION".run.xml'.
\openout1 = `"COMPARISONS CONVOLUTION.run.xml"'.

 ) 
Here is how much of TeX's memory you used:
 11333 strings out of 481178
 206445 string characters out of 2901986
 856892 words of memory out of 3000000
 26788 multiletter control sequences out of 15000+200000
 543248 words of font info for 61 fonts, out of 3000000 for 9000
 1141 hyphenation exceptions out of 8191
 40i,8n,37p,812b,1310s stack positions out of 5000i,500n,10000p,200000b,50000s
<C:/Users/Andrea/AppData/Local/Programs/MiKTeX 2.9/fonts/type1/public/amsfont
s/cm/cmbx12.pfb><C:/Users/Andrea/AppData/Local/Programs/MiKTeX 2.9/fonts/type1/
public/amsfonts/cm/cmr10.pfb><C:/Users/Andrea/AppData/Local/Programs/MiKTeX 2.9
/fonts/type1/public/amsfonts/cm/cmr12.pfb><C:/Users/Andrea/AppData/Local/Progra
ms/MiKTeX 2.9/fonts/type1/public/amsfonts/cm/cmr8.pfb>
Output written on "COMPARISONS CONVOLUTION.pdf" (17 pages, 551029 bytes).
PDF statistics:
 1417 PDF objects out of 1440 (max. 8388607)
 0 named destinations out of 1000 (max. 500000)
 151 words of extra memory for PDF output out of 10000 (max. 10000000)

