This is pdfTeX, Version 3.14159265-2.6-1.40.21 (MiKTeX 20.7) (preloaded format=pdflatex 2020.8.31)  5 APR 2023 14:11
entering extended mode
**./tables_KSS.tex
(tables_KSS.tex
LaTeX2e <2020-02-02> patch level 5
L3 programming layer <2020-08-07>
("C:\Users\Andrea\AppData\Local\Programs\MiKTeX 2.9\tex/latex/base\report.cls"
Document Class: report 2019/12/20 v1.4l Standard LaTeX document class
("C:\Users\Andrea\AppData\Local\Programs\MiKTeX 2.9\tex/latex/base\size11.clo"
File: size11.clo 2019/12/20 v1.4l Standard LaTeX file (size option)
)
\c@part=\count168
\c@chapter=\count169
\c@section=\count170
\c@subsection=\count171
\c@subsubsection=\count172
\c@paragraph=\count173
\c@subparagraph=\count174
\c@figure=\count175
\c@table=\count176
\abovecaptionskip=\skip47
\belowcaptionskip=\skip48
\bibindent=\dimen134
)
("C:\Users\Andrea\AppData\Local\Programs\MiKTeX 2.9\tex/latex/base\inputenc.sty
"
Package: inputenc 2018/08/11 v1.3c Input encoding file
\inpenc@prehook=\toks15
\inpenc@posthook=\toks16
)
("C:\Users\Andrea\AppData\Local\Programs\MiKTeX 2.9\tex/generic/babel\babel.sty
"
Package: babel 2020/07/13 3.47 The Babel package

("C:\Users\Andrea\AppData\Local\Programs\MiKTeX 2.9\tex/generic/babel\babel.def
"
File: babel.def 2020/07/13 3.47 Babel common definitions
\babel@savecnt=\count177
\U@D=\dimen135
\l@babelnohyphens=\language83

("C:\Users\Andrea\AppData\Local\Programs\MiKTeX 2.9\tex/generic/babel\txtbabel.
def")
\bbl@readstream=\read2
)
\bbl@dirlevel=\count178

*************************************
* Local config file bblopts.cfg used
*
("C:\Users\Andrea\AppData\Local\Programs\MiKTeX 2.9\tex/latex/arabi\bblopts.cfg
"
File: bblopts.cfg 2005/09/08 v0.1 add Arabic and Farsi to "declared" options of
 babel
)
("C:\Users\Andrea\AppData\Local\Programs\MiKTeX 2.9\tex/latex/babel-italian\ita
lian.ldf"
Language: italian 2020/05/21 v.1.4.04 Italian support for the babel system
\it@lettering=\count179
\it@doublequoteactive=\count180
\it@ISOcompliance=\count181
))
("C:\Users\Andrea\AppData\Local\Programs\MiKTeX 2.9\tex/latex/etoolbox\etoolbox
.sty"
Package: etoolbox 2020/08/24 v2.5j e-TeX tools for LaTeX (JAW)
\etb@tempcnta=\count182
)
("C:\Users\Andrea\AppData\Local\Programs\MiKTeX 2.9\tex/latex/amsfonts\amssymb.
sty"
Package: amssymb 2013/01/14 v3.01 AMS font symbols

("C:\Users\Andrea\AppData\Local\Programs\MiKTeX 2.9\tex/latex/amsfonts\amsfonts
.sty"
Package: amsfonts 2013/01/14 v3.01 Basic AMSFonts support
\@emptytoks=\toks17
\symAMSa=\mathgroup4
\symAMSb=\mathgroup5
LaTeX Font Info:    Redeclaring math symbol \hbar on input line 98.
LaTeX Font Info:    Overwriting math alphabet `\mathfrak' in version `bold'
(Font)                  U/euf/m/n --> U/euf/b/n on input line 106.
))
("C:\Users\Andrea\AppData\Local\Programs\MiKTeX 2.9\tex/latex/amsmath\amsmath.s
ty"
Package: amsmath 2020/01/20 v2.17e AMS math features
\@mathmargin=\skip49

For additional information on amsmath, use the `?' option.

("C:\Users\Andrea\AppData\Local\Programs\MiKTeX 2.9\tex/latex/amsmath\amstext.s
ty"
Package: amstext 2000/06/29 v2.01 AMS text

("C:\Users\Andrea\AppData\Local\Programs\MiKTeX 2.9\tex/latex/amsmath\amsgen.st
y"
File: amsgen.sty 1999/11/30 v2.0 generic functions
\@emptytoks=\toks18
\ex@=\dimen136
))
("C:\Users\Andrea\AppData\Local\Programs\MiKTeX 2.9\tex/latex/amsmath\amsbsy.st
y"
Package: amsbsy 1999/11/29 v1.2d Bold Symbols
\pmbraise@=\dimen137
)
("C:\Users\Andrea\AppData\Local\Programs\MiKTeX 2.9\tex/latex/amsmath\amsopn.st
y"
Package: amsopn 2016/03/08 v2.02 operator names
)
\inf@bad=\count183
LaTeX Info: Redefining \frac on input line 227.
\uproot@=\count184
\leftroot@=\count185
LaTeX Info: Redefining \overline on input line 389.
\classnum@=\count186
\DOTSCASE@=\count187
LaTeX Info: Redefining \ldots on input line 486.
LaTeX Info: Redefining \dots on input line 489.
LaTeX Info: Redefining \cdots on input line 610.
\Mathstrutbox@=\box45
\strutbox@=\box46
\big@size=\dimen138
LaTeX Font Info:    Redeclaring font encoding OML on input line 733.
LaTeX Font Info:    Redeclaring font encoding OMS on input line 734.
\macc@depth=\count188
\c@MaxMatrixCols=\count189
\dotsspace@=\muskip16
\c@parentequation=\count190
\dspbrk@lvl=\count191
\tag@help=\toks19
\row@=\count192
\column@=\count193
\maxfields@=\count194
\andhelp@=\toks20
\eqnshift@=\dimen139
\alignsep@=\dimen140
\tagshift@=\dimen141
\tagwidth@=\dimen142
\totwidth@=\dimen143
\lineht@=\dimen144
\@envbody=\toks21
\multlinegap=\skip50
\multlinetaggap=\skip51
\mathdisplay@stack=\toks22
LaTeX Info: Redefining \[ on input line 2859.
LaTeX Info: Redefining \] on input line 2860.
)
("C:\Users\Andrea\AppData\Local\Programs\MiKTeX 2.9\tex/latex/amscls\amsthm.sty
"
Package: amsthm 2020/05/29 v2.20.6
\thm@style=\toks23
\thm@bodyfont=\toks24
\thm@headfont=\toks25
\thm@notefont=\toks26
\thm@headpunct=\toks27
\thm@preskip=\skip52
\thm@postskip=\skip53
\thm@headsep=\skip54
\dth@everypar=\toks28
) ("C:\Users\Andrea\AppData\Local\Programs\MiKTeX 2.9\tex/latex/float\float.sty
"
Package: float 2001/11/08 v1.3d Float enhancements (AL)
\c@float@type=\count195
\float@exts=\toks29
\float@box=\box47
\@float@everytoks=\toks30
\@floatcapt=\box48
)
("C:\Users\Andrea\AppData\Local\Programs\MiKTeX 2.9\tex/latex/tools\afterpage.s
ty"
Package: afterpage 2014/10/28 v1.08 After-Page Package (DPC)
\AP@output=\toks31
\AP@partial=\box49
\AP@footins=\box50
)
("C:\Users\Andrea\AppData\Local\Programs\MiKTeX 2.9\tex/latex/graphics\graphicx
.sty"
Package: graphicx 2019/11/30 v1.2a Enhanced LaTeX Graphics (DPC,SPQR)

("C:\Users\Andrea\AppData\Local\Programs\MiKTeX 2.9\tex/latex/graphics\keyval.s
ty"
Package: keyval 2014/10/28 v1.15 key=value parser (DPC)
\KV@toks@=\toks32
)
("C:\Users\Andrea\AppData\Local\Programs\MiKTeX 2.9\tex/latex/graphics\graphics
.sty"
Package: graphics 2019/11/30 v1.4a Standard LaTeX Graphics (DPC,SPQR)

("C:\Users\Andrea\AppData\Local\Programs\MiKTeX 2.9\tex/latex/graphics\trig.sty
"
Package: trig 2016/01/03 v1.10 sin cos tan (DPC)
)
("C:\Users\Andrea\AppData\Local\Programs\MiKTeX 2.9\tex/latex/graphics-cfg\grap
hics.cfg"
File: graphics.cfg 2016/06/04 v1.11 sample graphics configuration
)
Package graphics Info: Driver file: pdftex.def on input line 105.

("C:\Users\Andrea\AppData\Local\Programs\MiKTeX 2.9\tex/latex/graphics-def\pdft
ex.def"
File: pdftex.def 2018/01/08 v1.0l Graphics/color driver for pdftex
))
\Gin@req@height=\dimen145
\Gin@req@width=\dimen146
)
("C:\Users\Andrea\AppData\Local\Programs\MiKTeX 2.9\tex/latex/appendix\appendix
.sty"
Package: appendix 2020/02/08 v1.2c extra appendix facilities
\c@@pps=\count196
\c@@ppsavesec=\count197
\c@@ppsaveapp=\count198
)
("C:\Users\Andrea\AppData\Local\Programs\MiKTeX 2.9\tex/latex/biblatex\biblatex
.sty"
Package: biblatex 2020/08/23 v3.15a programmable bibliographies (PK/MW)

("C:\Users\Andrea\AppData\Local\Programs\MiKTeX 2.9\tex/generic/pdftexcmds\pdft
excmds.sty"
Package: pdftexcmds 2020-06-27 v0.33 Utility functions of pdfTeX for LuaTeX (HO
)

("C:\Users\Andrea\AppData\Local\Programs\MiKTeX 2.9\tex/generic/infwarerr\infwa
rerr.sty"
Package: infwarerr 2019/12/03 v1.5 Providing info/warning/error messages (HO)
)
("C:\Users\Andrea\AppData\Local\Programs\MiKTeX 2.9\tex/generic/iftex\iftex.sty
"
Package: iftex 2020/03/06 v1.0d TeX engine tests
)
("C:\Users\Andrea\AppData\Local\Programs\MiKTeX 2.9\tex/generic/ltxcmds\ltxcmds
.sty"
Package: ltxcmds 2019/12/15 v1.24 LaTeX kernel commands for general use (HO)
)
Package pdftexcmds Info: \pdf@primitive is available.
Package pdftexcmds Info: \pdf@ifprimitive is available.
Package pdftexcmds Info: \pdfdraftmode found.
)
("C:\Users\Andrea\AppData\Local\Programs\MiKTeX 2.9\tex/latex/kvoptions\kvoptio
ns.sty"
Package: kvoptions 2019/11/29 v3.13 Key value format for package options (HO)

("C:\Users\Andrea\AppData\Local\Programs\MiKTeX 2.9\tex/generic/kvsetkeys\kvset
keys.sty"
Package: kvsetkeys 2019/12/15 v1.18 Key value parser (HO)
))
("C:\Users\Andrea\AppData\Local\Programs\MiKTeX 2.9\tex/latex/logreq\logreq.sty
"
Package: logreq 2010/08/04 v1.0 xml request logger
\lrq@indent=\count199

("C:\Users\Andrea\AppData\Local\Programs\MiKTeX 2.9\tex/latex/logreq\logreq.def
"
File: logreq.def 2010/08/04 v1.0 logreq spec v1.0
))
("C:\Users\Andrea\AppData\Local\Programs\MiKTeX 2.9\tex/latex/base\ifthen.sty"
Package: ifthen 2014/09/29 v1.1c Standard LaTeX ifthen package (DPC)
) ("C:\Users\Andrea\AppData\Local\Programs\MiKTeX 2.9\tex/latex/url\url.sty"
\Urlmuskip=\muskip17
Package: url 2013/09/16  ver 3.4  Verb mode for urls, etc.
)
\c@tabx@nest=\count266
\c@listtotal=\count267
\c@listcount=\count268
\c@liststart=\count269
\c@liststop=\count270
\c@citecount=\count271
\c@citetotal=\count272
\c@multicitecount=\count273
\c@multicitetotal=\count274
\c@instcount=\count275
\c@maxnames=\count276
\c@minnames=\count277
\c@maxitems=\count278
\c@minitems=\count279
\c@citecounter=\count280
\c@maxcitecounter=\count281
\c@savedcitecounter=\count282
\c@uniquelist=\count283
\c@uniquename=\count284
\c@refsection=\count285
\c@refsegment=\count286
\c@maxextratitle=\count287
\c@maxextratitleyear=\count288
\c@maxextraname=\count289
\c@maxextradate=\count290
\c@maxextraalpha=\count291
\c@abbrvpenalty=\count292
\c@highnamepenalty=\count293
\c@lownamepenalty=\count294
\c@maxparens=\count295
\c@parenlevel=\count296
\blx@tempcnta=\count297
\blx@tempcntb=\count298
\blx@tempcntc=\count299
\blx@maxsection=\count300
\blx@maxsegment@0=\count301
\blx@notetype=\count302
\blx@parenlevel@text=\count303
\blx@parenlevel@foot=\count304
\blx@sectionciteorder@0=\count305
\blx@entrysetcounter=\count306
\blx@biblioinstance=\count307
\labelnumberwidth=\skip55
\labelalphawidth=\skip56
\biblabelsep=\skip57
\bibitemsep=\skip58
\bibnamesep=\skip59
\bibinitsep=\skip60
\bibparsep=\skip61
\bibhang=\skip62
\blx@bcfin=\read3
\blx@bcfout=\write3
\blx@langwohyphens=\language84
\c@mincomprange=\count308
\c@maxcomprange=\count309
\c@mincompwidth=\count310
Package biblatex Info: Trying to load biblatex default data model...
Package biblatex Info: ... file 'blx-dm.def' found.

("C:\Users\Andrea\AppData\Local\Programs\MiKTeX 2.9\tex/latex/biblatex\blx-dm.d
ef"
File: blx-dm.def 2020/08/23 v3.15a biblatex localization (PK/MW)
)
Package biblatex Info: Trying to load biblatex custom data model...
Package biblatex Info: ... file 'biblatex-dm.cfg' not found.
\c@afterword=\count311
\c@savedafterword=\count312
\c@annotator=\count313
\c@savedannotator=\count314
\c@author=\count315
\c@savedauthor=\count316
\c@bookauthor=\count317
\c@savedbookauthor=\count318
\c@commentator=\count319
\c@savedcommentator=\count320
\c@editor=\count321
\c@savededitor=\count322
\c@editora=\count323
\c@savededitora=\count324
\c@editorb=\count325
\c@savededitorb=\count326
\c@editorc=\count327
\c@savededitorc=\count328
\c@foreword=\count329
\c@savedforeword=\count330
\c@holder=\count331
\c@savedholder=\count332
\c@introduction=\count333
\c@savedintroduction=\count334
\c@namea=\count335
\c@savednamea=\count336
\c@nameb=\count337
\c@savednameb=\count338
\c@namec=\count339
\c@savednamec=\count340
\c@translator=\count341
\c@savedtranslator=\count342
\c@shortauthor=\count343
\c@savedshortauthor=\count344
\c@shorteditor=\count345
\c@savedshorteditor=\count346
\c@labelname=\count347
\c@savedlabelname=\count348
\c@institution=\count349
\c@savedinstitution=\count350
\c@lista=\count351
\c@savedlista=\count352
\c@listb=\count353
\c@savedlistb=\count354
\c@listc=\count355
\c@savedlistc=\count356
\c@listd=\count357
\c@savedlistd=\count358
\c@liste=\count359
\c@savedliste=\count360
\c@listf=\count361
\c@savedlistf=\count362
\c@location=\count363
\c@savedlocation=\count364
\c@organization=\count365
\c@savedorganization=\count366
\c@origlocation=\count367
\c@savedoriglocation=\count368
\c@origpublisher=\count369
\c@savedorigpublisher=\count370
\c@publisher=\count371
\c@savedpublisher=\count372
\c@language=\count373
\c@savedlanguage=\count374
\c@origlanguage=\count375
\c@savedoriglanguage=\count376
\c@pageref=\count377
\c@savedpageref=\count378
\shorthandwidth=\skip63
\shortjournalwidth=\skip64
\shortserieswidth=\skip65
\shorttitlewidth=\skip66
\shortauthorwidth=\skip67
\shorteditorwidth=\skip68
\locallabelnumberwidth=\skip69
\locallabelalphawidth=\skip70
\localshorthandwidth=\skip71
\localshortjournalwidth=\skip72
\localshortserieswidth=\skip73
\localshorttitlewidth=\skip74
\localshortauthorwidth=\skip75
\localshorteditorwidth=\skip76
Package biblatex Info: Trying to load compatibility code...
Package biblatex Info: ... file 'blx-compat.def' found.

("C:\Users\Andrea\AppData\Local\Programs\MiKTeX 2.9\tex/latex/biblatex\blx-comp
at.def"
File: blx-compat.def 2020/08/23 v3.15a biblatex compatibility (PK/MW)
)
("C:\Users\Andrea\AppData\Local\Programs\MiKTeX 2.9\tex/latex/l3kernel\expl3.st
y"
Package: expl3 2020-08-07 L3 programming layer (loader) 

("C:\Users\Andrea\AppData\Local\Programs\MiKTeX 2.9\tex/latex/l3backend\l3backe
nd-pdfmode.def"
File: l3backend-pdfmode.def 2020-08-07 L3 backend support: PDF mode
\l__kernel_color_stack_int=\count379
\l__pdf_internal_box=\box51
))
Package biblatex Info: expl3
(biblatex)             2020-08-07 L3 programming layer (loader) 
(biblatex)             is new enough (at least 2020/04/06),
(biblatex)             setting 'casechanger=expl3'.
Package biblatex Info: Trying to load expl3 case changing code...
Package biblatex Info: ... file 'blx-case-expl3.def' found.

("C:\Users\Andrea\AppData\Local\Programs\MiKTeX 2.9\tex/latex/biblatex\blx-case
-expl3.def"
("C:\Users\Andrea\AppData\Local\Programs\MiKTeX 2.9\tex/latex/l3packages/xparse
\xparse.sty"
Package: xparse 2020-05-15 L3 Experimental document command parser

("C:\Users\Andrea\AppData\Local\Programs\MiKTeX 2.9\tex/latex/l3packages/xparse
\xparse-generic.tex"
\l__xparse_current_arg_int=\count380
\g__xparse_grabber_int=\count381
\l__xparse_m_args_int=\count382
\l__xparse_v_nesting_int=\count383
))
File: blx-case-expl3 2020/08/23 v3.15a expl3 case changing code for biblatex
)
Package biblatex Info: Trying to load generic definitions...
Package biblatex Info: ... file 'biblatex.def' found.

("C:\Users\Andrea\AppData\Local\Programs\MiKTeX 2.9\tex/latex/biblatex\biblatex
.def"
File: biblatex.def 2020/08/23 v3.15a biblatex compatibility (PK/MW)
\c@textcitecount=\count384
\c@textcitetotal=\count385
\c@textcitemaxnames=\count386
\c@biburlbigbreakpenalty=\count387
\c@biburlbreakpenalty=\count388
\c@biburlnumpenalty=\count389
\c@biburlucpenalty=\count390
\c@biburllcpenalty=\count391
\biburlbigskip=\muskip18
\biburlnumskip=\muskip19
\biburlucskip=\muskip20
\biburllcskip=\muskip21
\c@smartand=\count392
)
Package biblatex Info: Trying to load bibliography style 'numeric'...
Package biblatex Info: ... file 'numeric.bbx' found.

("C:\Users\Andrea\AppData\Local\Programs\MiKTeX 2.9\tex/latex/biblatex/bbx\nume
ric.bbx"
File: numeric.bbx 2020/08/23 v3.15a biblatex bibliography style (PK/MW)
Package biblatex Info: Trying to load bibliography style 'standard'...
Package biblatex Info: ... file 'standard.bbx' found.

("C:\Users\Andrea\AppData\Local\Programs\MiKTeX 2.9\tex/latex/biblatex/bbx\stan
dard.bbx"
File: standard.bbx 2020/08/23 v3.15a biblatex bibliography style (PK/MW)
\c@bbx:relatedcount=\count393
\c@bbx:relatedtotal=\count394
))
Package biblatex Info: Trying to load citation style 'numeric'...
Package biblatex Info: ... file 'numeric.cbx' found.

("C:\Users\Andrea\AppData\Local\Programs\MiKTeX 2.9\tex/latex/biblatex/cbx\nume
ric.cbx"
File: numeric.cbx 2020/08/23 v3.15a biblatex citation style (PK/MW)
Package biblatex Info: Redefining '\cite'.
Package biblatex Info: Redefining '\parencite'.
Package biblatex Info: Redefining '\footcite'.
Package biblatex Info: Redefining '\footcitetext'.
Package biblatex Info: Redefining '\smartcite'.
Package biblatex Info: Redefining '\supercite'.
Package biblatex Info: Redefining '\textcite'.
Package biblatex Info: Redefining '\textcites'.
Package biblatex Info: Redefining '\cites'.
Package biblatex Info: Redefining '\parencites'.
Package biblatex Info: Redefining '\smartcites'.
)
Package biblatex Info: Trying to load configuration file...
Package biblatex Info: ... file 'biblatex.cfg' found.

("C:\Users\Andrea\AppData\Local\Programs\MiKTeX 2.9\tex/latex/biblatex\biblatex
.cfg"
File: biblatex.cfg 
))
\c@teo=\count395


Package biblatex Warning: 'babel/polyglossia' detected but 'csquotes' missing.
(biblatex)                Loading 'csquotes' recommended.

\@quotelevel=\count396
\@quotereset=\count397
(tables_KSS.aux)
\openout1 = `tables_KSS.aux'.

LaTeX Font Info:    Checking defaults for OML/cmm/m/it on input line 35.
LaTeX Font Info:    ... okay on input line 35.
LaTeX Font Info:    Checking defaults for OMS/cmsy/m/n on input line 35.
LaTeX Font Info:    ... okay on input line 35.
LaTeX Font Info:    Checking defaults for OT1/cmr/m/n on input line 35.
LaTeX Font Info:    ... okay on input line 35.
LaTeX Font Info:    Checking defaults for T1/cmr/m/n on input line 35.
LaTeX Font Info:    ... okay on input line 35.
LaTeX Font Info:    Checking defaults for TS1/cmr/m/n on input line 35.
LaTeX Font Info:    ... okay on input line 35.
LaTeX Font Info:    Checking defaults for OMX/cmex/m/n on input line 35.
LaTeX Font Info:    ... okay on input line 35.
LaTeX Font Info:    Checking defaults for U/cmr/m/n on input line 35.
LaTeX Font Info:    ... okay on input line 35.
LaTeX Info: Redefining \it@ocap on input line 35.
LaTeX Info: Redefining \it@ccap on input line 35.


File italian.ldf warning: 
italian.ldf    With OT1 encoding guillemets are poorly faked
italian.ldf    Use T1 encoding
italian.ldf    or specify a font with command \CaporaliFrom
italian.ldf    See the documentation concerning the babel-italian typesetting 
italian.ldf    on input line 35.


("C:\Users\Andrea\AppData\Local\Programs\MiKTeX 2.9\tex/context/base/mkii\supp-
pdf.mkii"
[Loading MPS to PDF converter (version 2006.09.02).]
\scratchcounter=\count398
\scratchdimen=\dimen147
\scratchbox=\box52
\nofMPsegments=\count399
\nofMParguments=\count400
\everyMPshowfont=\toks33
\MPscratchCnt=\count401
\MPscratchDim=\dimen148
\MPnumerator=\count402
\makeMPintoPDFobject=\count403
\everyMPtoPDFconversion=\toks34
)
("C:\Users\Andrea\AppData\Local\Programs\MiKTeX 2.9\tex/latex/epstopdf-pkg\epst
opdf-base.sty"
Package: epstopdf-base 2020-01-24 v2.11 Base part for package epstopdf
Package epstopdf-base Info: Redefining graphics rule for `.eps' on input line 4
85.
)
Package biblatex Info: Trying to load language 'italian'...
Package biblatex Info: ... file 'italian.lbx' found.

("C:\Users\Andrea\AppData\Local\Programs\MiKTeX 2.9\tex/latex/biblatex/lbx\ital
ian.lbx"
File: italian.lbx 2020/08/23 v3.15a biblatex localization (PK/MW)
)
Package biblatex Info: Input encoding 'utf8' detected.
Package biblatex Info: Automatic encoding selection.
(biblatex)             Assuming data encoding 'utf8'.
\openout3 = `tables_KSS.bcf'.

Package biblatex Info: Trying to load bibliographic data...
Package biblatex Info: ... file 'tables_KSS.bbl' not found.

No file tables_KSS.bbl.
Package biblatex Info: Reference section=0 on input line 35.
Package biblatex Info: Reference segment=0 on input line 35.
Capitolo 1.
LaTeX Font Info:    Trying to load font information for U+msa on input line 41.

("C:\Users\Andrea\AppData\Local\Programs\MiKTeX 2.9\tex/latex/amsfonts\umsa.fd"
File: umsa.fd 2013/01/14 v3.01 AMS symbols A
)
LaTeX Font Info:    Trying to load font information for U+msb on input line 41.

 ("C:\Users\Andrea\AppData\Local\Programs\MiKTeX 2.9\tex/latex/amsfonts\umsb.fd
"
File: umsb.fd 2013/01/14 v3.01 AMS symbols B
) [1


{C:/Users/Andrea/AppData/Local/MiKTeX/2.9/pdftex/config/pdftex.map}]
Overfull \hbox (2.21321pt too wide) in paragraph at lines 59--60
\OT1/cmr/m/n/10.95 (\OMS/cmsy/m/n/10.95 L\OT1/cmr/m/n/10.95 (\OML/cmm/m/it/10.9
5 a\OT1/cmr/m/n/10.95 ))[](\OML/cmm/m/it/10.95 t\OT1/cmr/m/n/10.95 )$ che sa-ra
n-no ri-spet-ti-va-men-te le ap-pros-si-ma-zio-ni di $[][[](\OML/cmm/m/it/10.95
 X[]\OT1/cmr/m/n/10.95 )]$
 []


Overfull \hbox (27.0678pt too wide) detected at line 62
\OML/cmm/m/it/10.95 g[]\OT1/cmr/m/n/10.95 (\OML/cmm/m/it/10.95 t\OT1/cmr/m/n/10
.95 ) := [] [] \OML/cmm/m/it/10.95 ; [][] \OT1/cmr/m/n/10.95 + [] [] [] \OML/cm
m/m/it/10.95 :
 []


Overfull \hbox (6.11874pt too wide) detected at line 72
\OML/cmm/m/it/10.95 dY[] \OT1/cmr/m/n/10.95 = [] \OML/cmm/m/it/10.95 dt;
 []

[2]

LaTeX Warning: Citation 'fehrman2020convergence' on page 3 undefined on input l
ine 85.

[3] [4]
Overfull \hbox (5.28964pt too wide) in paragraph at lines 142--156
 [][] 
 []


Overfull \hbox (5.28964pt too wide) in paragraph at lines 182--196
 [][] 
 []


Overfull \hbox (5.28964pt too wide) in paragraph at lines 222--236
 [][] 
 []

[5]
Overfull \hbox (5.28964pt too wide) in paragraph at lines 262--276
 [][] 
 []


Overfull \hbox (5.28964pt too wide) in paragraph at lines 302--316
 [][] 
 []

<images/graphics T = 0.5/n = 3, M = 1 sine and cosine.pdf, id=30, 462.52798pt x
 346.89601pt>
File: images/graphics T = 0.5/n = 3, M = 1 sine and cosine.pdf Graphic file (ty
pe pdf)
<use images/graphics T = 0.5/n = 3, M = 1 sine and cosine.pdf>
Package pdftex.def Info: images/graphics T = 0.5/n = 3, M = 1 sine and cosine.p
df  used on input line 320.
(pdftex.def)             Requested size: 323.9978pt x 243.0108pt.
[6]
<images/graphics T = 0.5/n = 3, M = 10 sine and cosine.pdf, id=34, 462.52798pt 
x 346.89601pt>
File: images/graphics T = 0.5/n = 3, M = 10 sine and cosine.pdf Graphic file (t
ype pdf)
<use images/graphics T = 0.5/n = 3, M = 10 sine and cosine.pdf>
Package pdftex.def Info: images/graphics T = 0.5/n = 3, M = 10 sine and cosine.
pdf  used on input line 324.
(pdftex.def)             Requested size: 323.9978pt x 243.0108pt.
<images/graphics T = 0.5/n = 3, M = 100 sine and cosine.pdf, id=35, 462.52798pt
 x 346.89601pt>
File: images/graphics T = 0.5/n = 3, M = 100 sine and cosine.pdf Graphic file (
type pdf)
<use images/graphics T = 0.5/n = 3, M = 100 sine and cosine.pdf>
Package pdftex.def Info: images/graphics T = 0.5/n = 3, M = 100 sine and cosine
.pdf  used on input line 328.
(pdftex.def)             Requested size: 323.9978pt x 243.0108pt.
 [7 <./images/graphics T = 0.5/n = 3, M = 1 sine and cosine.pdf>]
<images/graphics T = 0.5/n = 3, M = 1000 sine and cosine.pdf, id=91, 462.52798p
t x 346.89601pt>
File: images/graphics T = 0.5/n = 3, M = 1000 sine and cosine.pdf Graphic file 
(type pdf)
<use images/graphics T = 0.5/n = 3, M = 1000 sine and cosine.pdf>
Package pdftex.def Info: images/graphics T = 0.5/n = 3, M = 1000 sine and cosin
e.pdf  used on input line 332.
(pdftex.def)             Requested size: 323.9978pt x 243.0108pt.
<images/graphics T = 0.5/n = 3, M = 10000 sine and cosine.pdf, id=92, 462.52798
pt x 346.89601pt>
File: images/graphics T = 0.5/n = 3, M = 10000 sine and cosine.pdf Graphic file
 (type pdf)
<use images/graphics T = 0.5/n = 3, M = 10000 sine and cosine.pdf>
Package pdftex.def Info: images/graphics T = 0.5/n = 3, M = 10000 sine and cosi
ne.pdf  used on input line 336.
(pdftex.def)             Requested size: 323.9978pt x 243.0108pt.
 [8 <./images/graphics T = 0.5/n = 3, M = 10 sine and cosine.pdf> <./images/gra
phics T = 0.5/n = 3, M = 100 sine and cosine.pdf>] [9 <./images/graphics T = 0.
5/n = 3, M = 1000 sine and cosine.pdf> <./images/graphics T = 0.5/n = 3, M = 10
000 sine and cosine.pdf>]
Overfull \hbox (5.56342pt too wide) in paragraph at lines 364--378
 [][] 
 []


Overfull \hbox (5.28964pt too wide) in paragraph at lines 404--418
 [][] 
 []


Overfull \hbox (5.28964pt too wide) in paragraph at lines 444--458
 [][] 
 []

[10]
Overfull \hbox (5.28964pt too wide) in paragraph at lines 484--498
 [][] 
 []


Overfull \hbox (5.28964pt too wide) in paragraph at lines 524--538
 [][] 
 []

<images/graphics T = 0.5/n = 4, M = 1 sine and cosine.pdf, id=307, 462.52798pt 
x 346.89601pt>
File: images/graphics T = 0.5/n = 4, M = 1 sine and cosine.pdf Graphic file (ty
pe pdf)
<use images/graphics T = 0.5/n = 4, M = 1 sine and cosine.pdf>
Package pdftex.def Info: images/graphics T = 0.5/n = 4, M = 1 sine and cosine.p
df  used on input line 542.
(pdftex.def)             Requested size: 323.9978pt x 243.0108pt.
[11]
<images/graphics T = 0.5/n = 4, M = 10 sine and cosine.pdf, id=311, 462.52798pt
 x 346.89601pt>
File: images/graphics T = 0.5/n = 4, M = 10 sine and cosine.pdf Graphic file (t
ype pdf)
<use images/graphics T = 0.5/n = 4, M = 10 sine and cosine.pdf>
Package pdftex.def Info: images/graphics T = 0.5/n = 4, M = 10 sine and cosine.
pdf  used on input line 546.
(pdftex.def)             Requested size: 323.9978pt x 243.0108pt.
<images/graphics T = 0.5/n = 4, M = 100 sine and cosine.pdf, id=312, 462.52798p
t x 346.89601pt>
File: images/graphics T = 0.5/n = 4, M = 100 sine and cosine.pdf Graphic file (
type pdf)
<use images/graphics T = 0.5/n = 4, M = 100 sine and cosine.pdf>
Package pdftex.def Info: images/graphics T = 0.5/n = 4, M = 100 sine and cosine
.pdf  used on input line 550.
(pdftex.def)             Requested size: 323.9978pt x 243.0108pt.
 [12 <./images/graphics T = 0.5/n = 4, M = 1 sine and cosine.pdf>]
<images/graphics T = 0.5/n = 4, M = 1000 sine and cosine.pdf, id=367, 462.52798
pt x 346.89601pt>
File: images/graphics T = 0.5/n = 4, M = 1000 sine and cosine.pdf Graphic file 
(type pdf)
<use images/graphics T = 0.5/n = 4, M = 1000 sine and cosine.pdf>
Package pdftex.def Info: images/graphics T = 0.5/n = 4, M = 1000 sine and cosin
e.pdf  used on input line 554.
(pdftex.def)             Requested size: 323.9978pt x 243.0108pt.
<images/graphics T = 0.5/n = 4, M = 10000 sine and cosine.pdf, id=368, 462.5279
8pt x 346.89601pt>
File: images/graphics T = 0.5/n = 4, M = 10000 sine and cosine.pdf Graphic file
 (type pdf)
<use images/graphics T = 0.5/n = 4, M = 10000 sine and cosine.pdf>
Package pdftex.def Info: images/graphics T = 0.5/n = 4, M = 10000 sine and cosi
ne.pdf  used on input line 558.
(pdftex.def)             Requested size: 323.9978pt x 243.0108pt.
 [13 <./images/graphics T = 0.5/n = 4, M = 10 sine and cosine.pdf> <./images/gr
aphics T = 0.5/n = 4, M = 100 sine and cosine.pdf>] [14 <./images/graphics T = 
0.5/n = 4, M = 1000 sine and cosine.pdf> <./images/graphics T = 0.5/n = 4, M = 
10000 sine and cosine.pdf>]
Overfull \hbox (5.56342pt too wide) in paragraph at lines 586--600
 [][] 
 []


Overfull \hbox (5.28964pt too wide) in paragraph at lines 626--640
 [][] 
 []


Overfull \hbox (5.28964pt too wide) in paragraph at lines 666--680
 [][] 
 []

[15]
Overfull \hbox (5.28964pt too wide) in paragraph at lines 706--720
 [][] 
 []


Overfull \hbox (5.28964pt too wide) in paragraph at lines 746--760
 [][] 
 []

<images/graphics T = 0.5/n = 5, M = 1 sine and cosine.pdf, id=585, 462.52798pt 
x 346.89601pt>
File: images/graphics T = 0.5/n = 5, M = 1 sine and cosine.pdf Graphic file (ty
pe pdf)
<use images/graphics T = 0.5/n = 5, M = 1 sine and cosine.pdf>
Package pdftex.def Info: images/graphics T = 0.5/n = 5, M = 1 sine and cosine.p
df  used on input line 764.
(pdftex.def)             Requested size: 323.9978pt x 243.0108pt.
[16]
<images/graphics T = 0.5/n = 5, M = 10 sine and cosine.pdf, id=589, 462.52798pt
 x 346.89601pt>
File: images/graphics T = 0.5/n = 5, M = 10 sine and cosine.pdf Graphic file (t
ype pdf)
<use images/graphics T = 0.5/n = 5, M = 10 sine and cosine.pdf>
Package pdftex.def Info: images/graphics T = 0.5/n = 5, M = 10 sine and cosine.
pdf  used on input line 768.
(pdftex.def)             Requested size: 323.9978pt x 243.0108pt.
<images/graphics T = 0.5/n = 5, M = 100 sine and cosine.pdf, id=590, 462.52798p
t x 346.89601pt>
File: images/graphics T = 0.5/n = 5, M = 100 sine and cosine.pdf Graphic file (
type pdf)
<use images/graphics T = 0.5/n = 5, M = 100 sine and cosine.pdf>
Package pdftex.def Info: images/graphics T = 0.5/n = 5, M = 100 sine and cosine
.pdf  used on input line 772.
(pdftex.def)             Requested size: 323.9978pt x 243.0108pt.
 [17 <./images/graphics T = 0.5/n = 5, M = 1 sine and cosine.pdf>]
<images/graphics T = 0.5/n = 5, M = 1000 sine and cosine.pdf, id=645, 462.52798
pt x 346.89601pt>
File: images/graphics T = 0.5/n = 5, M = 1000 sine and cosine.pdf Graphic file 
(type pdf)
<use images/graphics T = 0.5/n = 5, M = 1000 sine and cosine.pdf>
Package pdftex.def Info: images/graphics T = 0.5/n = 5, M = 1000 sine and cosin
e.pdf  used on input line 776.
(pdftex.def)             Requested size: 323.9978pt x 243.0108pt.
<images/graphics T = 0.5/n = 5, M = 10000 sine and cosine.pdf, id=646, 462.5279
8pt x 346.89601pt>
File: images/graphics T = 0.5/n = 5, M = 10000 sine and cosine.pdf Graphic file
 (type pdf)
<use images/graphics T = 0.5/n = 5, M = 10000 sine and cosine.pdf>
Package pdftex.def Info: images/graphics T = 0.5/n = 5, M = 10000 sine and cosi
ne.pdf  used on input line 780.
(pdftex.def)             Requested size: 323.9978pt x 243.0108pt.
 [18 <./images/graphics T = 0.5/n = 5, M = 10 sine and cosine.pdf> <./images/gr
aphics T = 0.5/n = 5, M = 100 sine and cosine.pdf>] [19 <./images/graphics T = 
0.5/n = 5, M = 1000 sine and cosine.pdf> <./images/graphics T = 0.5/n = 5, M = 
10000 sine and cosine.pdf>]
Overfull \hbox (5.56342pt too wide) in paragraph at lines 808--822
 [][] 
 []


Overfull \hbox (5.28964pt too wide) in paragraph at lines 848--862
 [][] 
 []


Overfull \hbox (5.28964pt too wide) in paragraph at lines 888--902
 [][] 
 []

[20]
Overfull \hbox (5.28964pt too wide) in paragraph at lines 928--942
 [][] 
 []


Overfull \hbox (5.28964pt too wide) in paragraph at lines 968--982
 [][] 
 []

<images/graphics T = 0.5/n = 6, M = 1 sine and cosine.pdf, id=862, 462.52798pt 
x 346.89601pt>
File: images/graphics T = 0.5/n = 6, M = 1 sine and cosine.pdf Graphic file (ty
pe pdf)
<use images/graphics T = 0.5/n = 6, M = 1 sine and cosine.pdf>
Package pdftex.def Info: images/graphics T = 0.5/n = 6, M = 1 sine and cosine.p
df  used on input line 986.
(pdftex.def)             Requested size: 323.9978pt x 243.0108pt.
[21]
<images/graphics T = 0.5/n = 6, M = 10 sine and cosine.pdf, id=866, 462.52798pt
 x 346.89601pt>
File: images/graphics T = 0.5/n = 6, M = 10 sine and cosine.pdf Graphic file (t
ype pdf)
<use images/graphics T = 0.5/n = 6, M = 10 sine and cosine.pdf>
Package pdftex.def Info: images/graphics T = 0.5/n = 6, M = 10 sine and cosine.
pdf  used on input line 990.
(pdftex.def)             Requested size: 323.9978pt x 243.0108pt.
<images/graphics T = 0.5/n = 6, M = 100 sine and cosine.pdf, id=867, 462.52798p
t x 346.89601pt>
File: images/graphics T = 0.5/n = 6, M = 100 sine and cosine.pdf Graphic file (
type pdf)
<use images/graphics T = 0.5/n = 6, M = 100 sine and cosine.pdf>
Package pdftex.def Info: images/graphics T = 0.5/n = 6, M = 100 sine and cosine
.pdf  used on input line 994.
(pdftex.def)             Requested size: 323.9978pt x 243.0108pt.
 [22 <./images/graphics T = 0.5/n = 6, M = 1 sine and cosine.pdf>]
<images/graphics T = 0.5/n = 6, M = 1000 sine and cosine.pdf, id=922, 462.52798
pt x 346.89601pt>
File: images/graphics T = 0.5/n = 6, M = 1000 sine and cosine.pdf Graphic file 
(type pdf)
<use images/graphics T = 0.5/n = 6, M = 1000 sine and cosine.pdf>
Package pdftex.def Info: images/graphics T = 0.5/n = 6, M = 1000 sine and cosin
e.pdf  used on input line 998.
(pdftex.def)             Requested size: 323.9978pt x 243.0108pt.
<images/graphics T = 0.5/n = 6, M = 10000 sine and cosine.pdf, id=923, 462.5279
8pt x 346.89601pt>
File: images/graphics T = 0.5/n = 6, M = 10000 sine and cosine.pdf Graphic file
 (type pdf)
<use images/graphics T = 0.5/n = 6, M = 10000 sine and cosine.pdf>
Package pdftex.def Info: images/graphics T = 0.5/n = 6, M = 10000 sine and cosi
ne.pdf  used on input line 1002.
(pdftex.def)             Requested size: 323.9978pt x 243.0108pt.
 [23 <./images/graphics T = 0.5/n = 6, M = 10 sine and cosine.pdf> <./images/gr
aphics T = 0.5/n = 6, M = 100 sine and cosine.pdf>] [24 <./images/graphics T = 
0.5/n = 6, M = 1000 sine and cosine.pdf> <./images/graphics T = 0.5/n = 6, M = 
10000 sine and cosine.pdf>]
Overfull \hbox (5.28964pt too wide) in paragraph at lines 1031--1045
 [][] 
 []


Overfull \hbox (5.28964pt too wide) in paragraph at lines 1071--1085
 [][] 
 []


Overfull \hbox (5.28964pt too wide) in paragraph at lines 1111--1125
 [][] 
 []

[25]
Overfull \hbox (5.28964pt too wide) in paragraph at lines 1151--1165
 [][] 
 []


Overfull \hbox (5.28964pt too wide) in paragraph at lines 1191--1205
 [][] 
 []

<images/graphics T = 1/n = 3, M = 1 sine and cosine.pdf, id=1139, 462.52798pt x
 346.89601pt>
File: images/graphics T = 1/n = 3, M = 1 sine and cosine.pdf Graphic file (type
 pdf)
<use images/graphics T = 1/n = 3, M = 1 sine and cosine.pdf>
Package pdftex.def Info: images/graphics T = 1/n = 3, M = 1 sine and cosine.pdf
  used on input line 1209.
(pdftex.def)             Requested size: 323.9978pt x 243.0108pt.
[26]
<images/graphics T = 1/n = 3, M = 10 sine and cosine.pdf, id=1143, 462.52798pt 
x 346.89601pt>
File: images/graphics T = 1/n = 3, M = 10 sine and cosine.pdf Graphic file (typ
e pdf)
<use images/graphics T = 1/n = 3, M = 10 sine and cosine.pdf>
Package pdftex.def Info: images/graphics T = 1/n = 3, M = 10 sine and cosine.pd
f  used on input line 1213.
(pdftex.def)             Requested size: 323.9978pt x 243.0108pt.
<images/graphics T = 1/n = 3, M = 100 sine and cosine.pdf, id=1144, 462.52798pt
 x 346.89601pt>
File: images/graphics T = 1/n = 3, M = 100 sine and cosine.pdf Graphic file (ty
pe pdf)
<use images/graphics T = 1/n = 3, M = 100 sine and cosine.pdf>
Package pdftex.def Info: images/graphics T = 1/n = 3, M = 100 sine and cosine.p
df  used on input line 1217.
(pdftex.def)             Requested size: 323.9978pt x 243.0108pt.
 [27 <./images/graphics T = 1/n = 3, M = 1 sine and cosine.pdf>]
<images/graphics T = 1/n = 3, M = 1000 sine and cosine.pdf, id=1198, 462.52798p
t x 346.89601pt>
File: images/graphics T = 1/n = 3, M = 1000 sine and cosine.pdf Graphic file (t
ype pdf)
<use images/graphics T = 1/n = 3, M = 1000 sine and cosine.pdf>
Package pdftex.def Info: images/graphics T = 1/n = 3, M = 1000 sine and cosine.
pdf  used on input line 1221.
(pdftex.def)             Requested size: 323.9978pt x 243.0108pt.
<images/graphics T = 1/n = 3, M = 10000 sine and cosine.pdf, id=1199, 462.52798
pt x 346.89601pt>
File: images/graphics T = 1/n = 3, M = 10000 sine and cosine.pdf Graphic file (
type pdf)
<use images/graphics T = 1/n = 3, M = 10000 sine and cosine.pdf>
Package pdftex.def Info: images/graphics T = 1/n = 3, M = 10000 sine and cosine
.pdf  used on input line 1225.
(pdftex.def)             Requested size: 323.9978pt x 243.0108pt.
 [28 <./images/graphics T = 1/n = 3, M = 10 sine and cosine.pdf> <./images/grap
hics T = 1/n = 3, M = 100 sine and cosine.pdf>] [29 <./images/graphics T = 1/n 
= 3, M = 1000 sine and cosine.pdf> <./images/graphics T = 1/n = 3, M = 10000 si
ne and cosine.pdf>]
Overfull \hbox (5.56342pt too wide) in paragraph at lines 1253--1267
 [][] 
 []


Overfull \hbox (5.28964pt too wide) in paragraph at lines 1293--1307
 [][] 
 []


Overfull \hbox (5.28964pt too wide) in paragraph at lines 1333--1347
 [][] 
 []

[30]
Overfull \hbox (5.28964pt too wide) in paragraph at lines 1373--1387
 [][] 
 []


Overfull \hbox (5.28964pt too wide) in paragraph at lines 1413--1427
 [][] 
 []

<images/graphics T = 1/n = 4, M = 1 sine and cosine.pdf, id=1411, 462.52798pt x
 346.89601pt>
File: images/graphics T = 1/n = 4, M = 1 sine and cosine.pdf Graphic file (type
 pdf)
<use images/graphics T = 1/n = 4, M = 1 sine and cosine.pdf>
Package pdftex.def Info: images/graphics T = 1/n = 4, M = 1 sine and cosine.pdf
  used on input line 1431.
(pdftex.def)             Requested size: 323.9978pt x 243.0108pt.
[31]
<images/graphics T = 1/n = 4, M = 10 sine and cosine.pdf, id=1416, 462.52798pt 
x 346.89601pt>
File: images/graphics T = 1/n = 4, M = 10 sine and cosine.pdf Graphic file (typ
e pdf)
<use images/graphics T = 1/n = 4, M = 10 sine and cosine.pdf>
Package pdftex.def Info: images/graphics T = 1/n = 4, M = 10 sine and cosine.pd
f  used on input line 1435.
(pdftex.def)             Requested size: 323.9978pt x 243.0108pt.
<images/graphics T = 1/n = 4, M = 100 sine and cosine.pdf, id=1417, 462.52798pt
 x 346.89601pt>
File: images/graphics T = 1/n = 4, M = 100 sine and cosine.pdf Graphic file (ty
pe pdf)
<use images/graphics T = 1/n = 4, M = 100 sine and cosine.pdf>
Package pdftex.def Info: images/graphics T = 1/n = 4, M = 100 sine and cosine.p
df  used on input line 1439.
(pdftex.def)             Requested size: 323.9978pt x 243.0108pt.
 [32 <./images/graphics T = 1/n = 4, M = 1 sine and cosine.pdf>]
<images/graphics T = 1/n = 4, M = 1000 sine and cosine.pdf, id=1472, 462.52798p
t x 346.89601pt>
File: images/graphics T = 1/n = 4, M = 1000 sine and cosine.pdf Graphic file (t
ype pdf)
<use images/graphics T = 1/n = 4, M = 1000 sine and cosine.pdf>
Package pdftex.def Info: images/graphics T = 1/n = 4, M = 1000 sine and cosine.
pdf  used on input line 1443.
(pdftex.def)             Requested size: 323.9978pt x 243.0108pt.
<images/graphics T = 1/n = 4, M = 10000 sine and cosine.pdf, id=1473, 462.52798
pt x 346.89601pt>
File: images/graphics T = 1/n = 4, M = 10000 sine and cosine.pdf Graphic file (
type pdf)
<use images/graphics T = 1/n = 4, M = 10000 sine and cosine.pdf>
Package pdftex.def Info: images/graphics T = 1/n = 4, M = 10000 sine and cosine
.pdf  used on input line 1447.
(pdftex.def)             Requested size: 323.9978pt x 243.0108pt.
 [33 <./images/graphics T = 1/n = 4, M = 10 sine and cosine.pdf> <./images/grap
hics T = 1/n = 4, M = 100 sine and cosine.pdf>] [34 <./images/graphics T = 1/n 
= 4, M = 1000 sine and cosine.pdf> <./images/graphics T = 1/n = 4, M = 10000 si
ne and cosine.pdf>]
Overfull \hbox (5.56342pt too wide) in paragraph at lines 1475--1489
 [][] 
 []


Overfull \hbox (5.28964pt too wide) in paragraph at lines 1515--1529
 [][] 
 []


Overfull \hbox (5.28964pt too wide) in paragraph at lines 1555--1569
 [][] 
 []

[35]
Overfull \hbox (5.28964pt too wide) in paragraph at lines 1595--1609
 [][] 
 []


Overfull \hbox (5.28964pt too wide) in paragraph at lines 1635--1649
 [][] 
 []

<images/graphics T = 1/n = 5, M = 1 sine and cosine.pdf, id=1686, 462.52798pt x
 346.89601pt>
File: images/graphics T = 1/n = 5, M = 1 sine and cosine.pdf Graphic file (type
 pdf)
<use images/graphics T = 1/n = 5, M = 1 sine and cosine.pdf>
Package pdftex.def Info: images/graphics T = 1/n = 5, M = 1 sine and cosine.pdf
  used on input line 1653.
(pdftex.def)             Requested size: 323.9978pt x 243.0108pt.
[36]
<images/graphics T = 1/n = 5, M = 10 sine and cosine.pdf, id=1690, 462.52798pt 
x 346.89601pt>
File: images/graphics T = 1/n = 5, M = 10 sine and cosine.pdf Graphic file (typ
e pdf)
<use images/graphics T = 1/n = 5, M = 10 sine and cosine.pdf>
Package pdftex.def Info: images/graphics T = 1/n = 5, M = 10 sine and cosine.pd
f  used on input line 1657.
(pdftex.def)             Requested size: 323.9978pt x 243.0108pt.
<images/graphics T = 1/n = 5, M = 100 sine and cosine.pdf, id=1691, 462.52798pt
 x 346.89601pt>
File: images/graphics T = 1/n = 5, M = 100 sine and cosine.pdf Graphic file (ty
pe pdf)
<use images/graphics T = 1/n = 5, M = 100 sine and cosine.pdf>
Package pdftex.def Info: images/graphics T = 1/n = 5, M = 100 sine and cosine.p
df  used on input line 1661.
(pdftex.def)             Requested size: 323.9978pt x 243.0108pt.
 [37 <./images/graphics T = 1/n = 5, M = 1 sine and cosine.pdf>]
<images/graphics T = 1/n = 5, M = 1000 sine and cosine.pdf, id=1746, 462.52798p
t x 346.89601pt>
File: images/graphics T = 1/n = 5, M = 1000 sine and cosine.pdf Graphic file (t
ype pdf)
<use images/graphics T = 1/n = 5, M = 1000 sine and cosine.pdf>
Package pdftex.def Info: images/graphics T = 1/n = 5, M = 1000 sine and cosine.
pdf  used on input line 1665.
(pdftex.def)             Requested size: 323.9978pt x 243.0108pt.
<images/graphics T = 1/n = 5, M = 10000 sine and cosine.pdf, id=1747, 462.52798
pt x 346.89601pt>
File: images/graphics T = 1/n = 5, M = 10000 sine and cosine.pdf Graphic file (
type pdf)
<use images/graphics T = 1/n = 5, M = 10000 sine and cosine.pdf>
Package pdftex.def Info: images/graphics T = 1/n = 5, M = 10000 sine and cosine
.pdf  used on input line 1669.
(pdftex.def)             Requested size: 323.9978pt x 243.0108pt.
 [38 <./images/graphics T = 1/n = 5, M = 10 sine and cosine.pdf> <./images/grap
hics T = 1/n = 5, M = 100 sine and cosine.pdf>] [39 <./images/graphics T = 1/n 
= 5, M = 1000 sine and cosine.pdf> <./images/graphics T = 1/n = 5, M = 10000 si
ne and cosine.pdf>]
Overfull \hbox (5.56342pt too wide) in paragraph at lines 1697--1711
 [][] 
 []


Overfull \hbox (5.28964pt too wide) in paragraph at lines 1737--1751
 [][] 
 []


Overfull \hbox (5.28964pt too wide) in paragraph at lines 1777--1791
 [][] 
 []

[40]
Overfull \hbox (5.28964pt too wide) in paragraph at lines 1817--1831
 [][] 
 []


Overfull \hbox (5.28964pt too wide) in paragraph at lines 1857--1871
 [][] 
 []

<images/graphics T = 1/n = 6, M = 1 sine and cosine.pdf, id=1958, 462.52798pt x
 346.89601pt>
File: images/graphics T = 1/n = 6, M = 1 sine and cosine.pdf Graphic file (type
 pdf)
<use images/graphics T = 1/n = 6, M = 1 sine and cosine.pdf>
Package pdftex.def Info: images/graphics T = 1/n = 6, M = 1 sine and cosine.pdf
  used on input line 1875.
(pdftex.def)             Requested size: 323.9978pt x 243.0108pt.
[41]
<images/graphics T = 1/n = 6, M = 10 sine and cosine.pdf, id=1962, 462.52798pt 
x 346.89601pt>
File: images/graphics T = 1/n = 6, M = 10 sine and cosine.pdf Graphic file (typ
e pdf)
<use images/graphics T = 1/n = 6, M = 10 sine and cosine.pdf>
Package pdftex.def Info: images/graphics T = 1/n = 6, M = 10 sine and cosine.pd
f  used on input line 1879.
(pdftex.def)             Requested size: 323.9978pt x 243.0108pt.
<images/graphics T = 1/n = 6, M = 100 sine and cosine.pdf, id=1963, 462.52798pt
 x 346.89601pt>
File: images/graphics T = 1/n = 6, M = 100 sine and cosine.pdf Graphic file (ty
pe pdf)
<use images/graphics T = 1/n = 6, M = 100 sine and cosine.pdf>
Package pdftex.def Info: images/graphics T = 1/n = 6, M = 100 sine and cosine.p
df  used on input line 1883.
(pdftex.def)             Requested size: 323.9978pt x 243.0108pt.
 [42 <./images/graphics T = 1/n = 6, M = 1 sine and cosine.pdf>]
<images/graphics T = 1/n = 6, M = 1000 sine and cosine.pdf, id=2018, 462.52798p
t x 346.89601pt>
File: images/graphics T = 1/n = 6, M = 1000 sine and cosine.pdf Graphic file (t
ype pdf)
<use images/graphics T = 1/n = 6, M = 1000 sine and cosine.pdf>
Package pdftex.def Info: images/graphics T = 1/n = 6, M = 1000 sine and cosine.
pdf  used on input line 1887.
(pdftex.def)             Requested size: 323.9978pt x 243.0108pt.
<images/graphics T = 1/n = 6, M = 10000 sine and cosine.pdf, id=2019, 462.52798
pt x 346.89601pt>
File: images/graphics T = 1/n = 6, M = 10000 sine and cosine.pdf Graphic file (
type pdf)
<use images/graphics T = 1/n = 6, M = 10000 sine and cosine.pdf>
Package pdftex.def Info: images/graphics T = 1/n = 6, M = 10000 sine and cosine
.pdf  used on input line 1891.
(pdftex.def)             Requested size: 323.9978pt x 243.0108pt.
 [43 <./images/graphics T = 1/n = 6, M = 10 sine and cosine.pdf> <./images/grap
hics T = 1/n = 6, M = 100 sine and cosine.pdf>] [44 <./images/graphics T = 1/n 
= 6, M = 1000 sine and cosine.pdf> <./images/graphics T = 1/n = 6, M = 10000 si
ne and cosine.pdf>]
Overfull \hbox (9.01323pt too wide) in paragraph at lines 1920--1934
 [][] 
 []


Overfull \hbox (9.01323pt too wide) in paragraph at lines 1960--1974
 [][] 
 []


Overfull \hbox (9.01323pt too wide) in paragraph at lines 2000--2014
 [][] 
 []

[45]
Overfull \hbox (9.01323pt too wide) in paragraph at lines 2040--2054
 [][] 
 []


Overfull \hbox (9.01323pt too wide) in paragraph at lines 2080--2094
 [][] 
 []

<images/graphics T = 2/n = 3, M = 1 sine and cosine.pdf, id=2232, 462.52798pt x
 346.89601pt>
File: images/graphics T = 2/n = 3, M = 1 sine and cosine.pdf Graphic file (type
 pdf)
<use images/graphics T = 2/n = 3, M = 1 sine and cosine.pdf>
Package pdftex.def Info: images/graphics T = 2/n = 3, M = 1 sine and cosine.pdf
  used on input line 2098.
(pdftex.def)             Requested size: 323.9978pt x 243.0108pt.
[46]
<images/graphics T = 2/n = 3, M = 10 sine and cosine.pdf, id=2236, 462.52798pt 
x 346.89601pt>
File: images/graphics T = 2/n = 3, M = 10 sine and cosine.pdf Graphic file (typ
e pdf)
<use images/graphics T = 2/n = 3, M = 10 sine and cosine.pdf>
Package pdftex.def Info: images/graphics T = 2/n = 3, M = 10 sine and cosine.pd
f  used on input line 2102.
(pdftex.def)             Requested size: 323.9978pt x 243.0108pt.
<images/graphics T = 2/n = 3, M = 100 sine and cosine.pdf, id=2237, 462.52798pt
 x 346.89601pt>
File: images/graphics T = 2/n = 3, M = 100 sine and cosine.pdf Graphic file (ty
pe pdf)
<use images/graphics T = 2/n = 3, M = 100 sine and cosine.pdf>
Package pdftex.def Info: images/graphics T = 2/n = 3, M = 100 sine and cosine.p
df  used on input line 2106.
(pdftex.def)             Requested size: 323.9978pt x 243.0108pt.
 [47 <./images/graphics T = 2/n = 3, M = 1 sine and cosine.pdf>]
<images/graphics T = 2/n = 3, M = 1000 sine and cosine.pdf, id=2291, 462.52798p
t x 346.89601pt>
File: images/graphics T = 2/n = 3, M = 1000 sine and cosine.pdf Graphic file (t
ype pdf)
<use images/graphics T = 2/n = 3, M = 1000 sine and cosine.pdf>
Package pdftex.def Info: images/graphics T = 2/n = 3, M = 1000 sine and cosine.
pdf  used on input line 2110.
(pdftex.def)             Requested size: 323.9978pt x 243.0108pt.
<images/graphics T = 2/n = 3, M = 10000 sine and cosine.pdf, id=2292, 462.52798
pt x 346.89601pt>
File: images/graphics T = 2/n = 3, M = 10000 sine and cosine.pdf Graphic file (
type pdf)
<use images/graphics T = 2/n = 3, M = 10000 sine and cosine.pdf>
Package pdftex.def Info: images/graphics T = 2/n = 3, M = 10000 sine and cosine
.pdf  used on input line 2114.
(pdftex.def)             Requested size: 323.9978pt x 243.0108pt.
 [48 <./images/graphics T = 2/n = 3, M = 10 sine and cosine.pdf> <./images/grap
hics T = 2/n = 3, M = 100 sine and cosine.pdf>] [49 <./images/graphics T = 2/n 
= 3, M = 1000 sine and cosine.pdf> <./images/graphics T = 2/n = 3, M = 10000 si
ne and cosine.pdf>]
Overfull \hbox (9.287pt too wide) in paragraph at lines 2142--2156
 [][] 
 []


Overfull \hbox (9.01323pt too wide) in paragraph at lines 2182--2196
 [][] 
 []


Overfull \hbox (9.01323pt too wide) in paragraph at lines 2222--2236
 [][] 
 []

[50]
Overfull \hbox (9.01323pt too wide) in paragraph at lines 2262--2276
 [][] 
 []


Overfull \hbox (9.01323pt too wide) in paragraph at lines 2302--2316
 [][] 
 []

<images/graphics T = 2/n = 4, M = 1 sine and cosine.pdf, id=2499, 462.52798pt x
 346.89601pt>
File: images/graphics T = 2/n = 4, M = 1 sine and cosine.pdf Graphic file (type
 pdf)
<use images/graphics T = 2/n = 4, M = 1 sine and cosine.pdf>
Package pdftex.def Info: images/graphics T = 2/n = 4, M = 1 sine and cosine.pdf
  used on input line 2320.
(pdftex.def)             Requested size: 323.9978pt x 243.0108pt.
[51]
<images/graphics T = 2/n = 4, M = 10 sine and cosine.pdf, id=2503, 462.52798pt 
x 346.89601pt>
File: images/graphics T = 2/n = 4, M = 10 sine and cosine.pdf Graphic file (typ
e pdf)
<use images/graphics T = 2/n = 4, M = 10 sine and cosine.pdf>
Package pdftex.def Info: images/graphics T = 2/n = 4, M = 10 sine and cosine.pd
f  used on input line 2324.
(pdftex.def)             Requested size: 323.9978pt x 243.0108pt.
<images/graphics T = 2/n = 4, M = 100 sine and cosine.pdf, id=2504, 462.52798pt
 x 346.89601pt>
File: images/graphics T = 2/n = 4, M = 100 sine and cosine.pdf Graphic file (ty
pe pdf)
<use images/graphics T = 2/n = 4, M = 100 sine and cosine.pdf>
Package pdftex.def Info: images/graphics T = 2/n = 4, M = 100 sine and cosine.p
df  used on input line 2328.
(pdftex.def)             Requested size: 323.9978pt x 243.0108pt.
 [52 <./images/graphics T = 2/n = 4, M = 1 sine and cosine.pdf>]
<images/graphics T = 2/n = 4, M = 1000 sine and cosine.pdf, id=2558, 462.52798p
t x 346.89601pt>
File: images/graphics T = 2/n = 4, M = 1000 sine and cosine.pdf Graphic file (t
ype pdf)
<use images/graphics T = 2/n = 4, M = 1000 sine and cosine.pdf>
Package pdftex.def Info: images/graphics T = 2/n = 4, M = 1000 sine and cosine.
pdf  used on input line 2332.
(pdftex.def)             Requested size: 323.9978pt x 243.0108pt.
<images/graphics T = 2/n = 4, M = 10000 sine and cosine.pdf, id=2559, 462.52798
pt x 346.89601pt>
File: images/graphics T = 2/n = 4, M = 10000 sine and cosine.pdf Graphic file (
type pdf)
<use images/graphics T = 2/n = 4, M = 10000 sine and cosine.pdf>
Package pdftex.def Info: images/graphics T = 2/n = 4, M = 10000 sine and cosine
.pdf  used on input line 2336.
(pdftex.def)             Requested size: 323.9978pt x 243.0108pt.
 [53 <./images/graphics T = 2/n = 4, M = 10 sine and cosine.pdf> <./images/grap
hics T = 2/n = 4, M = 100 sine and cosine.pdf>] [54 <./images/graphics T = 2/n 
= 4, M = 1000 sine and cosine.pdf> <./images/graphics T = 2/n = 4, M = 10000 si
ne and cosine.pdf>]
Overfull \hbox (9.287pt too wide) in paragraph at lines 2364--2378
 [][] 
 []


Overfull \hbox (9.01323pt too wide) in paragraph at lines 2404--2418
 [][] 
 []


Overfull \hbox (9.01323pt too wide) in paragraph at lines 2444--2458
 [][] 
 []

[55]
Overfull \hbox (9.01323pt too wide) in paragraph at lines 2484--2498
 [][] 
 []


Overfull \hbox (9.01323pt too wide) in paragraph at lines 2524--2538
 [][] 
 []

<images/graphics T = 2/n = 5, M = 1 sine and cosine.pdf, id=2769, 462.52798pt x
 346.89601pt>
File: images/graphics T = 2/n = 5, M = 1 sine and cosine.pdf Graphic file (type
 pdf)
<use images/graphics T = 2/n = 5, M = 1 sine and cosine.pdf>
Package pdftex.def Info: images/graphics T = 2/n = 5, M = 1 sine and cosine.pdf
  used on input line 2542.
(pdftex.def)             Requested size: 323.9978pt x 243.0108pt.
[56]
<images/graphics T = 2/n = 5, M = 10 sine and cosine.pdf, id=2773, 462.52798pt 
x 346.89601pt>
File: images/graphics T = 2/n = 5, M = 10 sine and cosine.pdf Graphic file (typ
e pdf)
<use images/graphics T = 2/n = 5, M = 10 sine and cosine.pdf>
Package pdftex.def Info: images/graphics T = 2/n = 5, M = 10 sine and cosine.pd
f  used on input line 2546.
(pdftex.def)             Requested size: 323.9978pt x 243.0108pt.
<images/graphics T = 2/n = 5, M = 100 sine and cosine.pdf, id=2774, 462.52798pt
 x 346.89601pt>
File: images/graphics T = 2/n = 5, M = 100 sine and cosine.pdf Graphic file (ty
pe pdf)
<use images/graphics T = 2/n = 5, M = 100 sine and cosine.pdf>
Package pdftex.def Info: images/graphics T = 2/n = 5, M = 100 sine and cosine.p
df  used on input line 2550.
(pdftex.def)             Requested size: 323.9978pt x 243.0108pt.
 [57 <./images/graphics T = 2/n = 5, M = 1 sine and cosine.pdf>]
<images/graphics T = 2/n = 5, M = 1000 sine and cosine.pdf, id=2828, 462.52798p
t x 346.89601pt>
File: images/graphics T = 2/n = 5, M = 1000 sine and cosine.pdf Graphic file (t
ype pdf)
<use images/graphics T = 2/n = 5, M = 1000 sine and cosine.pdf>
Package pdftex.def Info: images/graphics T = 2/n = 5, M = 1000 sine and cosine.
pdf  used on input line 2554.
(pdftex.def)             Requested size: 323.9978pt x 243.0108pt.
<images/graphics T = 2/n = 5, M = 10000 sine and cosine.pdf, id=2829, 462.52798
pt x 346.89601pt>
File: images/graphics T = 2/n = 5, M = 10000 sine and cosine.pdf Graphic file (
type pdf)
<use images/graphics T = 2/n = 5, M = 10000 sine and cosine.pdf>
Package pdftex.def Info: images/graphics T = 2/n = 5, M = 10000 sine and cosine
.pdf  used on input line 2558.
(pdftex.def)             Requested size: 323.9978pt x 243.0108pt.
 [58 <./images/graphics T = 2/n = 5, M = 10 sine and cosine.pdf> <./images/grap
hics T = 2/n = 5, M = 100 sine and cosine.pdf>] [59 <./images/graphics T = 2/n 
= 5, M = 1000 sine and cosine.pdf> <./images/graphics T = 2/n = 5, M = 10000 si
ne and cosine.pdf>]
Overfull \hbox (9.287pt too wide) in paragraph at lines 2586--2600
 [][] 
 []


Overfull \hbox (9.01323pt too wide) in paragraph at lines 2626--2640
 [][] 
 []


Overfull \hbox (9.01323pt too wide) in paragraph at lines 2666--2680
 [][] 
 []

[60]
Overfull \hbox (9.01323pt too wide) in paragraph at lines 2706--2720
 [][] 
 []


Overfull \hbox (9.01323pt too wide) in paragraph at lines 2746--2760
 [][] 
 []

<images/graphics T = 2/n = 6, M = 1 sine and cosine.pdf, id=3035, 462.52798pt x
 346.89601pt>
File: images/graphics T = 2/n = 6, M = 1 sine and cosine.pdf Graphic file (type
 pdf)
<use images/graphics T = 2/n = 6, M = 1 sine and cosine.pdf>
Package pdftex.def Info: images/graphics T = 2/n = 6, M = 1 sine and cosine.pdf
  used on input line 2764.
(pdftex.def)             Requested size: 323.9978pt x 243.0108pt.
[61]
<images/graphics T = 2/n = 6, M = 10 sine and cosine.pdf, id=3040, 462.52798pt 
x 346.89601pt>
File: images/graphics T = 2/n = 6, M = 10 sine and cosine.pdf Graphic file (typ
e pdf)
<use images/graphics T = 2/n = 6, M = 10 sine and cosine.pdf>
Package pdftex.def Info: images/graphics T = 2/n = 6, M = 10 sine and cosine.pd
f  used on input line 2768.
(pdftex.def)             Requested size: 323.9978pt x 243.0108pt.
<images/graphics T = 2/n = 6, M = 100 sine and cosine.pdf, id=3041, 462.52798pt
 x 346.89601pt>
File: images/graphics T = 2/n = 6, M = 100 sine and cosine.pdf Graphic file (ty
pe pdf)
<use images/graphics T = 2/n = 6, M = 100 sine and cosine.pdf>
Package pdftex.def Info: images/graphics T = 2/n = 6, M = 100 sine and cosine.p
df  used on input line 2772.
(pdftex.def)             Requested size: 323.9978pt x 243.0108pt.
 [62 <./images/graphics T = 2/n = 6, M = 1 sine and cosine.pdf>]
<images/graphics T = 2/n = 6, M = 1000 sine and cosine.pdf, id=3095, 462.52798p
t x 346.89601pt>
File: images/graphics T = 2/n = 6, M = 1000 sine and cosine.pdf Graphic file (t
ype pdf)
<use images/graphics T = 2/n = 6, M = 1000 sine and cosine.pdf>
Package pdftex.def Info: images/graphics T = 2/n = 6, M = 1000 sine and cosine.
pdf  used on input line 2776.
(pdftex.def)             Requested size: 323.9978pt x 243.0108pt.
<images/graphics T = 2/n = 6, M = 10000 sine and cosine.pdf, id=3096, 462.52798
pt x 346.89601pt>
File: images/graphics T = 2/n = 6, M = 10000 sine and cosine.pdf Graphic file (
type pdf)
<use images/graphics T = 2/n = 6, M = 10000 sine and cosine.pdf>
Package pdftex.def Info: images/graphics T = 2/n = 6, M = 10000 sine and cosine
.pdf  used on input line 2780.
(pdftex.def)             Requested size: 323.9978pt x 243.0108pt.
 [63 <./images/graphics T = 2/n = 6, M = 10 sine and cosine.pdf> <./images/grap
hics T = 2/n = 6, M = 100 sine and cosine.pdf>] [64 <./images/graphics T = 2/n 
= 6, M = 1000 sine and cosine.pdf> <./images/graphics T = 2/n = 6, M = 10000 si
ne and cosine.pdf>]
Overfull \hbox (18.4856pt too wide) in paragraph at lines 2809--2823
 [][] 
 []


Overfull \hbox (18.21182pt too wide) in paragraph at lines 2849--2863
 [][] 
 []


Overfull \hbox (18.21182pt too wide) in paragraph at lines 2889--2903
 [][] 
 []

[65]
Overfull \hbox (18.21182pt too wide) in paragraph at lines 2929--2943
 [][] 
 []


Overfull \hbox (18.21182pt too wide) in paragraph at lines 2969--2983
 [][] 
 []

<images/graphics T = 4/n = 3, M = 1 sine and cosine.pdf, id=3305, 462.52798pt x
 346.89601pt>
File: images/graphics T = 4/n = 3, M = 1 sine and cosine.pdf Graphic file (type
 pdf)
<use images/graphics T = 4/n = 3, M = 1 sine and cosine.pdf>
Package pdftex.def Info: images/graphics T = 4/n = 3, M = 1 sine and cosine.pdf
  used on input line 2987.
(pdftex.def)             Requested size: 323.9978pt x 243.0108pt.
[66]
<images/graphics T = 4/n = 3, M = 10 sine and cosine.pdf, id=3309, 462.52798pt 
x 346.89601pt>
File: images/graphics T = 4/n = 3, M = 10 sine and cosine.pdf Graphic file (typ
e pdf)
<use images/graphics T = 4/n = 3, M = 10 sine and cosine.pdf>
Package pdftex.def Info: images/graphics T = 4/n = 3, M = 10 sine and cosine.pd
f  used on input line 2991.
(pdftex.def)             Requested size: 323.9978pt x 243.0108pt.
<images/graphics T = 4/n = 3, M = 100 sine and cosine.pdf, id=3310, 462.52798pt
 x 346.89601pt>
File: images/graphics T = 4/n = 3, M = 100 sine and cosine.pdf Graphic file (ty
pe pdf)
<use images/graphics T = 4/n = 3, M = 100 sine and cosine.pdf>
Package pdftex.def Info: images/graphics T = 4/n = 3, M = 100 sine and cosine.p
df  used on input line 2995.
(pdftex.def)             Requested size: 323.9978pt x 243.0108pt.
 [67 <./images/graphics T = 4/n = 3, M = 1 sine and cosine.pdf>]
<images/graphics T = 4/n = 3, M = 1000 sine and cosine.pdf, id=3366, 462.52798p
t x 346.89601pt>
File: images/graphics T = 4/n = 3, M = 1000 sine and cosine.pdf Graphic file (t
ype pdf)
<use images/graphics T = 4/n = 3, M = 1000 sine and cosine.pdf>
Package pdftex.def Info: images/graphics T = 4/n = 3, M = 1000 sine and cosine.
pdf  used on input line 2999.
(pdftex.def)             Requested size: 323.9978pt x 243.0108pt.
<images/graphics T = 4/n = 3, M = 10000 sine and cosine.pdf, id=3367, 462.52798
pt x 346.89601pt>
File: images/graphics T = 4/n = 3, M = 10000 sine and cosine.pdf Graphic file (
type pdf)
<use images/graphics T = 4/n = 3, M = 10000 sine and cosine.pdf>
Package pdftex.def Info: images/graphics T = 4/n = 3, M = 10000 sine and cosine
.pdf  used on input line 3003.
(pdftex.def)             Requested size: 323.9978pt x 243.0108pt.
 [68 <./images/graphics T = 4/n = 3, M = 10 sine and cosine.pdf> <./images/grap
hics T = 4/n = 3, M = 100 sine and cosine.pdf>] [69 <./images/graphics T = 4/n 
= 3, M = 1000 sine and cosine.pdf> <./images/graphics T = 4/n = 3, M = 10000 si
ne and cosine.pdf>]
Overfull \hbox (18.4856pt too wide) in paragraph at lines 3031--3045
 [][] 
 []


Overfull \hbox (18.21182pt too wide) in paragraph at lines 3071--3085
 [][] 
 []


Overfull \hbox (18.21182pt too wide) in paragraph at lines 3111--3125
 [][] 
 []

[70]
Overfull \hbox (18.21182pt too wide) in paragraph at lines 3151--3165
 [][] 
 []


Overfull \hbox (18.21182pt too wide) in paragraph at lines 3191--3205
 [][] 
 []

<images/graphics T = 4/n = 4, M = 1 sine and cosine.pdf, id=3581, 462.52798pt x
 346.89601pt>
File: images/graphics T = 4/n = 4, M = 1 sine and cosine.pdf Graphic file (type
 pdf)
<use images/graphics T = 4/n = 4, M = 1 sine and cosine.pdf>
Package pdftex.def Info: images/graphics T = 4/n = 4, M = 1 sine and cosine.pdf
  used on input line 3209.
(pdftex.def)             Requested size: 323.9978pt x 243.0108pt.
[71]
<images/graphics T = 4/n = 4, M = 10 sine and cosine.pdf, id=3585, 462.52798pt 
x 346.89601pt>
File: images/graphics T = 4/n = 4, M = 10 sine and cosine.pdf Graphic file (typ
e pdf)
<use images/graphics T = 4/n = 4, M = 10 sine and cosine.pdf>
Package pdftex.def Info: images/graphics T = 4/n = 4, M = 10 sine and cosine.pd
f  used on input line 3213.
(pdftex.def)             Requested size: 323.9978pt x 243.0108pt.
<images/graphics T = 4/n = 4, M = 100 sine and cosine.pdf, id=3586, 462.52798pt
 x 346.89601pt>
File: images/graphics T = 4/n = 4, M = 100 sine and cosine.pdf Graphic file (ty
pe pdf)
<use images/graphics T = 4/n = 4, M = 100 sine and cosine.pdf>
Package pdftex.def Info: images/graphics T = 4/n = 4, M = 100 sine and cosine.p
df  used on input line 3217.
(pdftex.def)             Requested size: 323.9978pt x 243.0108pt.
 [72 <./images/graphics T = 4/n = 4, M = 1 sine and cosine.pdf>]
<images/graphics T = 4/n = 4, M = 1000 sine and cosine.pdf, id=3641, 462.52798p
t x 346.89601pt>
File: images/graphics T = 4/n = 4, M = 1000 sine and cosine.pdf Graphic file (t
ype pdf)
<use images/graphics T = 4/n = 4, M = 1000 sine and cosine.pdf>
Package pdftex.def Info: images/graphics T = 4/n = 4, M = 1000 sine and cosine.
pdf  used on input line 3221.
(pdftex.def)             Requested size: 323.9978pt x 243.0108pt.
<images/graphics T = 4/n = 4, M = 10000 sine and cosine.pdf, id=3642, 462.52798
pt x 346.89601pt>
File: images/graphics T = 4/n = 4, M = 10000 sine and cosine.pdf Graphic file (
type pdf)
<use images/graphics T = 4/n = 4, M = 10000 sine and cosine.pdf>
Package pdftex.def Info: images/graphics T = 4/n = 4, M = 10000 sine and cosine
.pdf  used on input line 3225.
(pdftex.def)             Requested size: 323.9978pt x 243.0108pt.
 [73 <./images/graphics T = 4/n = 4, M = 10 sine and cosine.pdf> <./images/grap
hics T = 4/n = 4, M = 100 sine and cosine.pdf>] [74 <./images/graphics T = 4/n 
= 4, M = 1000 sine and cosine.pdf> <./images/graphics T = 4/n = 4, M = 10000 si
ne and cosine.pdf>]
Overfull \hbox (18.4856pt too wide) in paragraph at lines 3253--3267
 [][] 
 []


Overfull \hbox (18.21182pt too wide) in paragraph at lines 3293--3307
 [][] 
 []


Overfull \hbox (18.21182pt too wide) in paragraph at lines 3333--3347
 [][] 
 []

[75]
Overfull \hbox (18.21182pt too wide) in paragraph at lines 3373--3387
 [][] 
 []


Overfull \hbox (18.21182pt too wide) in paragraph at lines 3413--3427
 [][] 
 []

<images/graphics T = 4/n = 5, M = 1 sine and cosine.pdf, id=3858, 462.52798pt x
 346.89601pt>
File: images/graphics T = 4/n = 5, M = 1 sine and cosine.pdf Graphic file (type
 pdf)
<use images/graphics T = 4/n = 5, M = 1 sine and cosine.pdf>
Package pdftex.def Info: images/graphics T = 4/n = 5, M = 1 sine and cosine.pdf
  used on input line 3431.
(pdftex.def)             Requested size: 323.9978pt x 243.0108pt.
[76]
<images/graphics T = 4/n = 5, M = 10 sine and cosine.pdf, id=3862, 462.52798pt 
x 346.89601pt>
File: images/graphics T = 4/n = 5, M = 10 sine and cosine.pdf Graphic file (typ
e pdf)
<use images/graphics T = 4/n = 5, M = 10 sine and cosine.pdf>
Package pdftex.def Info: images/graphics T = 4/n = 5, M = 10 sine and cosine.pd
f  used on input line 3435.
(pdftex.def)             Requested size: 323.9978pt x 243.0108pt.
<images/graphics T = 4/n = 5, M = 100 sine and cosine.pdf, id=3863, 462.52798pt
 x 346.89601pt>
File: images/graphics T = 4/n = 5, M = 100 sine and cosine.pdf Graphic file (ty
pe pdf)
<use images/graphics T = 4/n = 5, M = 100 sine and cosine.pdf>
Package pdftex.def Info: images/graphics T = 4/n = 5, M = 100 sine and cosine.p
df  used on input line 3439.
(pdftex.def)             Requested size: 323.9978pt x 243.0108pt.
 [77 <./images/graphics T = 4/n = 5, M = 1 sine and cosine.pdf>]
<images/graphics T = 4/n = 5, M = 1000 sine and cosine.pdf, id=3918, 462.52798p
t x 346.89601pt>
File: images/graphics T = 4/n = 5, M = 1000 sine and cosine.pdf Graphic file (t
ype pdf)
<use images/graphics T = 4/n = 5, M = 1000 sine and cosine.pdf>
Package pdftex.def Info: images/graphics T = 4/n = 5, M = 1000 sine and cosine.
pdf  used on input line 3443.
(pdftex.def)             Requested size: 323.9978pt x 243.0108pt.
<images/graphics T = 4/n = 5, M = 10000 sine and cosine.pdf, id=3919, 462.52798
pt x 346.89601pt>
File: images/graphics T = 4/n = 5, M = 10000 sine and cosine.pdf Graphic file (
type pdf)
<use images/graphics T = 4/n = 5, M = 10000 sine and cosine.pdf>
Package pdftex.def Info: images/graphics T = 4/n = 5, M = 10000 sine and cosine
.pdf  used on input line 3447.
(pdftex.def)             Requested size: 323.9978pt x 243.0108pt.
 [78 <./images/graphics T = 4/n = 5, M = 10 sine and cosine.pdf> <./images/grap
hics T = 4/n = 5, M = 100 sine and cosine.pdf>] [79 <./images/graphics T = 4/n 
= 5, M = 1000 sine and cosine.pdf> <./images/graphics T = 4/n = 5, M = 10000 si
ne and cosine.pdf>]
Overfull \hbox (18.4856pt too wide) in paragraph at lines 3475--3489
 [][] 
 []


Overfull \hbox (18.4856pt too wide) in paragraph at lines 3515--3529
 [][] 
 []


Overfull \hbox (18.21182pt too wide) in paragraph at lines 3555--3569
 [][] 
 []

[80]
Overfull \hbox (18.21182pt too wide) in paragraph at lines 3595--3609
 [][] 
 []


Overfull \hbox (18.21182pt too wide) in paragraph at lines 3635--3649
 [][] 
 []

<images/graphics T = 4/n = 6, M = 1 sine and cosine.pdf, id=4137, 462.52798pt x
 346.89601pt>
File: images/graphics T = 4/n = 6, M = 1 sine and cosine.pdf Graphic file (type
 pdf)
<use images/graphics T = 4/n = 6, M = 1 sine and cosine.pdf>
Package pdftex.def Info: images/graphics T = 4/n = 6, M = 1 sine and cosine.pdf
  used on input line 3653.
(pdftex.def)             Requested size: 323.9978pt x 243.0108pt.
[81]
<images/graphics T = 4/n = 6, M = 10 sine and cosine.pdf, id=4141, 462.52798pt 
x 346.89601pt>
File: images/graphics T = 4/n = 6, M = 10 sine and cosine.pdf Graphic file (typ
e pdf)
<use images/graphics T = 4/n = 6, M = 10 sine and cosine.pdf>
Package pdftex.def Info: images/graphics T = 4/n = 6, M = 10 sine and cosine.pd
f  used on input line 3657.
(pdftex.def)             Requested size: 323.9978pt x 243.0108pt.
<images/graphics T = 4/n = 6, M = 100 sine and cosine.pdf, id=4142, 462.52798pt
 x 346.89601pt>
File: images/graphics T = 4/n = 6, M = 100 sine and cosine.pdf Graphic file (ty
pe pdf)
<use images/graphics T = 4/n = 6, M = 100 sine and cosine.pdf>
Package pdftex.def Info: images/graphics T = 4/n = 6, M = 100 sine and cosine.p
df  used on input line 3661.
(pdftex.def)             Requested size: 323.9978pt x 243.0108pt.
 [82 <./images/graphics T = 4/n = 6, M = 1 sine and cosine.pdf>]
<images/graphics T = 4/n = 6, M = 1000 sine and cosine.pdf, id=4197, 462.52798p
t x 346.89601pt>
File: images/graphics T = 4/n = 6, M = 1000 sine and cosine.pdf Graphic file (t
ype pdf)
<use images/graphics T = 4/n = 6, M = 1000 sine and cosine.pdf>
Package pdftex.def Info: images/graphics T = 4/n = 6, M = 1000 sine and cosine.
pdf  used on input line 3665.
(pdftex.def)             Requested size: 323.9978pt x 243.0108pt.
<images/graphics T = 4/n = 6, M = 10000 sine and cosine.pdf, id=4198, 462.52798
pt x 346.89601pt>
File: images/graphics T = 4/n = 6, M = 10000 sine and cosine.pdf Graphic file (
type pdf)
<use images/graphics T = 4/n = 6, M = 10000 sine and cosine.pdf>
Package pdftex.def Info: images/graphics T = 4/n = 6, M = 10000 sine and cosine
.pdf  used on input line 3669.
(pdftex.def)             Requested size: 323.9978pt x 243.0108pt.
 [83 <./images/graphics T = 4/n = 6, M = 10 sine and cosine.pdf> <./images/grap
hics T = 4/n = 6, M = 100 sine and cosine.pdf>] [84 <./images/graphics T = 4/n 
= 6, M = 1000 sine and cosine.pdf> <./images/graphics T = 4/n = 6, M = 10000 si
ne and cosine.pdf>]

LaTeX Warning: Empty bibliography on input line 3867.

[85] (tables_KSS.aux)

LaTeX Warning: There were undefined references.


Package biblatex Warning: Please (re)run Biber on the file:
(biblatex)                tables_KSS
(biblatex)                and rerun LaTeX afterwards.

Package logreq Info: Writing requests to 'tables_KSS.run.xml'.
\openout1 = `tables_KSS.run.xml'.

 ) 
Here is how much of TeX's memory you used:
 11765 strings out of 481178
 231781 string characters out of 2901986
 871882 words of memory out of 3000000
 27222 multiletter control sequences out of 15000+200000
 542870 words of font info for 57 fonts, out of 3000000 for 9000
 1141 hyphenation exceptions out of 8191
 40i,11n,39p,1457b,1310s stack positions out of 5000i,500n,10000p,200000b,50000s
 <C:\Users\Andrea\AppData\Local\MiKTeX\2.9\fonts/pk/ljfour/jknappen/ec/dpi600
\tcrm1095.pk><C:/Users/Andrea/AppData/Local/Programs/MiKTeX 2.9/fonts/type1/pub
lic/amsfonts/cm/cmbx10.pfb><C:/Users/Andrea/AppData/Local/Programs/MiKTeX 2.9/f
onts/type1/public/amsfonts/cm/cmbx12.pfb><C:/Users/Andrea/AppData/Local/Program
s/MiKTeX 2.9/fonts/type1/public/amsfonts/cm/cmex10.pfb><C:/Users/Andrea/AppData
/Local/Programs/MiKTeX 2.9/fonts/type1/public/amsfonts/cm/cmmi10.pfb><C:/Users/
Andrea/AppData/Local/Programs/MiKTeX 2.9/fonts/type1/public/amsfonts/cm/cmmi6.p
fb><C:/Users/Andrea/AppData/Local/Programs/MiKTeX 2.9/fonts/type1/public/amsfon
ts/cm/cmmi8.pfb><C:/Users/Andrea/AppData/Local/Programs/MiKTeX 2.9/fonts/type1/
public/amsfonts/cm/cmr10.pfb><C:/Users/Andrea/AppData/Local/Programs/MiKTeX 2.9
/fonts/type1/public/amsfonts/cm/cmr6.pfb><C:/Users/Andrea/AppData/Local/Program
s/MiKTeX 2.9/fonts/type1/public/amsfonts/cm/cmr8.pfb><C:/Users/Andrea/AppData/L
ocal/Programs/MiKTeX 2.9/fonts/type1/public/amsfonts/cm/cmsy10.pfb><C:/Users/An
drea/AppData/Local/Programs/MiKTeX 2.9/fonts/type1/public/amsfonts/cm/cmsy8.pfb
><C:/Users/Andrea/AppData/Local/Programs/MiKTeX 2.9/fonts/type1/public/amsfonts
/cm/cmti10.pfb>
Output written on tables_KSS.pdf (85 pages, 1751593 bytes).
PDF statistics:
 4461 PDF objects out of 5155 (max. 8388607)
 0 named destinations out of 1000 (max. 500000)
 401 words of extra memory for PDF output out of 10000 (max. 10000000)

